17/07/2019 
17:05
;; 1. Author: R.C. van Wijk (r.c.van.wijk@lacdr.leidenuniv.nl)
;; 3. Label: Final metabolite model
;; 4. Dataset: Paracetamol, paracetamol-glucuronide, paracetamol-sulphate in zebrafish larvae of 5 days post fertilization in homogenates, blood samples, and excreted into medium.
$PROBLEM    PK
$INPUT      ID TIME AMT DV EVID MDV CMT XEXP BQL XEXP2 AGE BLOOD
$DATA      Real_Zebrafish_paracetamol_metabolite.csv IGNORE=@
            IGNORE=(BQL.GT.0)

; units

; TIME = min

; DV = pmole / larva or pmole / nL

; V = nL

; kA = pmole / min
$SUBROUTINE ADVAN13 TOL=9
$MODEL      COMP ; CMT 1 dosing compartment
            COMP ; CMT 2 central paracetamol in larva
            COMP ; CMT 3 central paracetamol-glucuronide in larva
            COMP ; CMT 4 central paracetamol-sulphate in larva
            COMP ; CMT 5 excreted paracetamol in medium
            COMP ; CMT 6 excreted paracetamol-glucuronide in medium
            COMP ; CMT 7 excreted paracetamol-sulphate in medium
$PK       
TVK25 = THETA(1)
TVK12 = THETA(2)
TVK23 = THETA(3)/1000
TVK24 = THETA(4)
TVK36 = THETA(5)/1000
TVK47 = THETA(6)/1000
TVV2 = THETA(7)
TVV3 = THETA(8)
TVV4 = THETA(9)
TVT50 = THETA(10)
TVF5 = THETA(11)
TVF6 = THETA(12)/1000
TVF7 = THETA(13)

K25 = TVK25 * EXP(ETA(1)) ;first order rate of excretion of paracetamol
K12 = TVK12               ;zero order rate of absorption
K23 = TVK23               ;first order metabolic formation rate for glucuronidation
K24 = TVK24               ;time-dependent metabolic formation rate for sulphation
K36 = TVK36               ;first order rate of excretion of paracetamol-glucuronide
K47 = TVK47               ;first order rate of excretion of paracetamol-sulphate       
V2 = TVV2                 ;distribution volume paracetamol
V3 = TVV3                 ;distribution volume paracetamol-glucuronide
V4 = TVV4                 ;distribution volume paracetamol-sulphate
T50 = TVT50               ;time at which 50% of maximal sulphation is reached
F5 = TVF5                 ;fraction excreted parent retrieved from medium sample
F6 = TVF6                 ;fraction excreted glucuronide-metabolite retrieved from medium sample
F7 = TVF7                 ;fraction excreted sulphate-metabolite retrieved from medium sample 

ET1 = ETA(1)

S2 = V2
S3 = V3
S4 = V4

$DES       
DADT(1) = 0
DADT(2) = K12 * A(1) - K25 * A(2) - K23 * A(2) - K24 * (1 - T/(T50+T)) * A(2)
DADT(3) = K23 * A(2) - K36 * A(3)
DADT(4) = K24 * (1 - T/(T50+T)) * A(2) - K47 * A(4)
DADT(5) = K25 * A(2) * F5
DADT(6) = K36 * A(3) * F6
DADT(7) = K47 * A(4) * F7

$ERROR       
IF(CMT.EQ.2.AND.BLOOD.EQ.0) THEN
IPRED = A(2) 
Y = IPRED * (1 + EPS(1)) + EPS(7) ; comb error paracetamol in larva
ENDIF
IF(CMT.EQ.3.AND.BLOOD.EQ.0) THEN
IPRED = A(3)
Y = IPRED * (1 + EPS(2)) + EPS(8) ; comb error paracetamol-glucuronide in larva
ENDIF
IF(CMT.EQ.4.AND.BLOOD.EQ.0) THEN
IPRED = A(4) 
Y = IPRED * (1 + EPS(3)) + EPS(9) ; prop error paracetamol-sulphate in larva
ENDIF

IF(CMT.EQ.2.AND.BLOOD.EQ.1) THEN
IPRED = A(2)/V2 
Y = IPRED * (1 + EPS(4)) + EPS(10) ; add error paracetamol in blood
ENDIF
IF(CMT.EQ.3.AND.BLOOD.EQ.1) THEN
IPRED = A(3)/V3
Y = IPRED * (1 + EPS(5)) + EPS(11) ; prop error paracetamol-glucuronide in blood
ENDIF
IF(CMT.EQ.4.AND.BLOOD.EQ.1) THEN
IPRED = A(4)/V4 
Y = IPRED * (1 + EPS(6)) + EPS(12) ; prop error paracetamol-sulphate in blood
ENDIF

IF(CMT.EQ.5) THEN
IPRED = A(5)
Y = IPRED * (1 + EPS(13)) + EPS(16) ; add error paracetamol in medium
ENDIF
IF(CMT.EQ.6) THEN
IPRED = A(6)
Y = IPRED * (1 + EPS(14)) + EPS(17) ; prop error paracetamol-glucuronide in medium
ENDIF
IF(CMT.EQ.7) THEN
IPRED = A(7)
Y = IPRED * (1 + EPS(15)) + EPS(18) ; comb error paracetamol-sulphate in medium
ENDIF

IRES = DV - IPRED

$THETA  (0,0.01142) ; K25
 (0,0.3990) ; K12
 (0,2.592) ; K23
 (0,0.09168) ; K24
 (0,5.838) ; K36
 (0,0.02447) ; K47
 (0,103) ; V2
 (0,240) ; V3
 (0,262) ; V4
 (0,5.253) ; T50
 (0,0.01,1) ; f_Q
 (0,0.01,1) ; f_G
 (0,0.2,1) ; f_S
$OMEGA  0  FIX  ;    IIV K25
$SIGMA  BLOCK(3)
 0.1366  ; prop error paracetamol in larva
 -0.1348 0.3150  ; prop error paracetamol-glucuronide in larva
 0 0.03749 0.06675  ; prop error paracetamol-sulphate in larva
$SIGMA  0  FIX  ; prop error paracetamol in blood
 0.09  ; prop error paracetamol-glucuronide in blood
 0.09  ; prop error paracetamol-sulphate in blood
 0.5  ; add error paracetamol in larva
 0.5  ; add error paracetamol-glucuronide in larva
 0  FIX  ; add error paracetamol-sulphate in larva
 0.05  ; add error paracetamol in blood
 0  FIX  ; add error paracetamol-glucuronide in blood
 0  FIX  ; add error paracetamol-sulphate in blood
 0  FIX  ; prop error paracetamol in medium
 0.09  ; prop error paracetamol-glucuronide in medium
 0.09  ; prop error paracetamol-sulphate in medium
 0.001  ; add error paracetamol in medium
 0  FIX  ; add error paracetamol-glucuronide in medium
 0.05  ; add error paracetamol-sulphate in medium
$ESTIMATION METHOD=1 MAXEVAL=8000 NOABORT PRINT=10 NSIG=3 SIGL=9
            POSTHOC
$COVARIANCE PRINT=E
$TABLE      ID TIME AMT DV EVID MDV CMT XEXP BQL XEXP2 AGE BLOOD IPRED
            CWRES V2 V3 V4 K25 K12 K23 K24 K36 K47 T50 F5 F6 F7 ET1
            ONEHEADER NOPRINT
            FILE=tab_Zebrafish_paracetamol_metabolite

  
NM-TRAN MESSAGES 
  
 WARNINGS AND ERRORS (IF ANY) FOR PROBLEM    1
             
 (WARNING  2) NM-TRAN INFERS THAT THE DATA ARE POPULATION.
             
 (WARNING  3) THERE MAY BE AN ERROR IN THE ABBREVIATED CODE. THE FOLLOWING
 ONE OR MORE RANDOM VARIABLES ARE DEFINED WITH "IF" STATEMENTS THAT DO NOT
 PROVIDE DEFINITIONS FOR BOTH THE "THEN" AND "ELSE" CASES. IF ALL
 CONDITIONS FAIL, THE VALUES OF THESE VARIABLES WILL BE ZERO.
  
   IPRED Y

  
License Registered to: Leiden Academic Center for Drug Research
Expiration Date:    14 JAN 2020
Current Date:       17 JUL 2019
Days until program expires : 182
1NONLINEAR MIXED EFFECTS MODEL PROGRAM (NONMEM) VERSION 7.3.0
 ORIGINALLY DEVELOPED BY STUART BEAL, LEWIS SHEINER, AND ALISON BOECKMANN
 CURRENT DEVELOPERS ARE ROBERT BAUER, ICON DEVELOPMENT SOLUTIONS,
 AND ALISON BOECKMANN. IMPLEMENTATION, EFFICIENCY, AND STANDARDIZATION
 PERFORMED BY NOUS INFOSYSTEMS.

 PROBLEM NO.:         1
 PK
0DATA CHECKOUT RUN:              NO
 DATA SET LOCATED ON UNIT NO.:    2
 THIS UNIT TO BE REWOUND:        NO
 NO. OF DATA RECS IN DATA SET:     1020
 NO. OF DATA ITEMS IN DATA SET:  12
 ID DATA ITEM IS DATA ITEM NO.:   1
 DEP VARIABLE IS DATA ITEM NO.:   4
 MDV DATA ITEM IS DATA ITEM NO.:  6
0INDICES PASSED TO SUBROUTINE PRED:
   5   2   3   0   0   0   7   0   0   0   0
0LABELS FOR DATA ITEMS:
 ID TIME AMT DV EVID MDV CMT XEXP BQL XEXP2 AGE BLOOD
0(NONBLANK) LABELS FOR PRED-DEFINED ITEMS:
 K25 K12 K23 K24 K36 K47 V2 V3 V4 T50 F5 F6 F7 ET1 IPRED
0FORMAT FOR DATA:
 (E4.0,E5.0,E2.0,E10.0,2E2.0,E3.0,E5.0,4E2.0)

 TOT. NO. OF OBS RECS:      393
 TOT. NO. OF INDIVIDUALS:    144
0LENGTH OF THETA:  13
0DEFAULT THETA BOUNDARY TEST OMITTED:    NO
0OMEGA HAS SIMPLE DIAGONAL FORM WITH DIMENSION:   1
0DEFAULT OMEGA BOUNDARY TEST OMITTED:    NO
0SIGMA HAS BLOCK FORM:
  1
  1  1
  1  1  1
  0  0  0  2
  0  0  0  0  3
  0  0  0  0  0  4
  0  0  0  0  0  0  5
  0  0  0  0  0  0  0  6
  0  0  0  0  0  0  0  0  7
  0  0  0  0  0  0  0  0  0  8
  0  0  0  0  0  0  0  0  0  0  9
  0  0  0  0  0  0  0  0  0  0  0 10
  0  0  0  0  0  0  0  0  0  0  0  0 11
  0  0  0  0  0  0  0  0  0  0  0  0  0 12
  0  0  0  0  0  0  0  0  0  0  0  0  0  0 13
  0  0  0  0  0  0  0  0  0  0  0  0  0  0  0 14
  0  0  0  0  0  0  0  0  0  0  0  0  0  0  0  0 15
  0  0  0  0  0  0  0  0  0  0  0  0  0  0  0  0  0 16
0DEFAULT SIGMA BOUNDARY TEST OMITTED:    NO
0INITIAL ESTIMATE OF THETA:
 LOWER BOUND    INITIAL EST    UPPER BOUND
  0.0000E+00     0.1142E-01     0.1000E+07
  0.0000E+00     0.3990E+00     0.1000E+07
  0.0000E+00     0.2592E+01     0.1000E+07
  0.0000E+00     0.9168E-01     0.1000E+07
  0.0000E+00     0.5838E+01     0.1000E+07
  0.0000E+00     0.2447E-01     0.1000E+07
  0.0000E+00     0.1030E+03     0.1000E+07
  0.0000E+00     0.2400E+03     0.1000E+07
  0.0000E+00     0.2620E+03     0.1000E+07
  0.0000E+00     0.5253E+01     0.1000E+07
  0.0000E+00     0.1000E-01     0.1000E+01
  0.0000E+00     0.1000E-01     0.1000E+01
  0.0000E+00     0.2000E+00     0.1000E+01
0INITIAL ESTIMATE OF OMEGA:
 0.0000E+00
0OMEGA CONSTRAINED TO BE THIS INITIAL ESTIMATE
0INITIAL ESTIMATE OF SIGMA:
 BLOCK SET NO.   BLOCK                                                                    FIXED
        1                                                                                   NO
                  0.1366E+00
                 -0.1348E+00   0.3150E+00
                  0.0000E+00   0.3749E-01   0.6675E-01
        2                                                                                  YES
                  0.0000E+00
        3                                                                                   NO
                  0.9000E-01
        4                                                                                   NO
                  0.9000E-01
        5                                                                                   NO
                  0.5000E+00
        6                                                                                   NO
                  0.5000E+00
        7                                                                                  YES
                  0.0000E+00
        8                                                                                   NO
                  0.5000E-01
        9                                                                                  YES
                  0.0000E+00
       10                                                                                  YES
                  0.0000E+00
       11                                                                                  YES
                  0.0000E+00
       12                                                                                   NO
                  0.9000E-01
       13                                                                                   NO
                  0.9000E-01
       14                                                                                   NO
                  0.1000E-02
       15                                                                                  YES
                  0.0000E+00
       16                                                                                   NO
                  0.5000E-01
0COVARIANCE STEP OMITTED:        NO
 EIGENVLS. PRINTED:             YES
 SPECIAL COMPUTATION:            NO
 COMPRESSED FORMAT:              NO
 SIGDIGITS ETAHAT (SIGLO):                  -1
 SIGDIGITS GRADIENTS (SIGL):                -1
 RELATIVE TOLERANCE (TOL):                  -1
 ABSOLUTE TOLERANCE-ADVAN 9,13 ONLY (ATOL): -1
 EXCLUDE COV FOR FOCE (NOFCOV):              NO
 RESUME COV ANALYSIS (RESUME):               NO
0TABLES STEP OMITTED:    NO
 NO. OF TABLES:           1
 SEED NUMBER (SEED):    11456
 RANMETHOD:
 MC SAMPLES (ESEED):    300
 WRES SQUARE ROOT TYPE:            EIGENVALUE
0-- TABLE   1 --
 PRINTED:                NO
 HEADERS:               ONE
 FILE TO BE FORWARDED:   NO
 FORMAT:                S1PE11.4
 LFORMAT:
 RFORMAT:
0USER-CHOSEN ITEMS:
 ID TIME AMT DV EVID MDV CMT XEXP BQL XEXP2 AGE BLOOD IPRED CWRES V2 V3 V4 K25 K12 K23 K24 K36 K47 T50 F5 F6 F7 ET1
1DOUBLE PRECISION PREDPP VERSION 7.3.0

 GENERAL NONLINEAR KINETICS MODEL USING LSODA (ADVAN13)
0MODEL SUBROUTINE USER-SUPPLIED - ID NO. 9999
0MAXIMUM NO. OF BASIC PK PARAMETERS:  10
0COMPARTMENT ATTRIBUTES
 COMPT. NO.   FUNCTION   INITIAL    ON/OFF      DOSE      DEFAULT    DEFAULT
                         STATUS     ALLOWED    ALLOWED    FOR DOSE   FOR OBS.
    1         COMP 1       ON         YES        YES        YES        YES
    2         COMP 2       ON         YES        YES        NO         NO
    3         COMP 3       ON         YES        YES        NO         NO
    4         COMP 4       ON         YES        YES        NO         NO
    5         COMP 5       ON         YES        YES        NO         NO
    6         COMP 6       ON         YES        YES        NO         NO
    7         COMP 7       ON         YES        YES        NO         NO
    8         OUTPUT       OFF        YES        NO         NO         NO
0NRD VALUE(S) FROM SUBROUTINE TOL:   9
1
 ADDITIONAL PK PARAMETERS - ASSIGNMENT OF ROWS IN GG
 COMPT. NO.                             INDICES
              SCALE      BIOAVAIL.   ZERO-ORDER  ZERO-ORDER  ABSORB
                         FRACTION    RATE        DURATION    LAG
    1            *           *           *           *           *
    2           14           *           *           *           *
    3           15           *           *           *           *
    4           16           *           *           *           *
    5            *          11           *           *           *
    6            *          12           *           *           *
    7            *          13           *           *           *
    8            *           -           -           -           -
             - PARAMETER IS NOT ALLOWED FOR THIS MODEL
             * PARAMETER IS NOT SUPPLIED BY PK SUBROUTINE;
               WILL DEFAULT TO ONE IF APPLICABLE
0DATA ITEM INDICES USED BY PRED ARE:
   EVENT ID DATA ITEM IS DATA ITEM NO.:      5
   TIME DATA ITEM IS DATA ITEM NO.:          2
   DOSE AMOUNT DATA ITEM IS DATA ITEM NO.:   3
   COMPT. NO. DATA ITEM IS DATA ITEM NO.:    7

0PK SUBROUTINE CALLED WITH EVERY EVENT RECORD.
 PK SUBROUTINE NOT CALLED AT NONEVENT (ADDITIONAL OR LAGGED) DOSE TIMES.
0ERROR SUBROUTINE CALLED WITH EVERY EVENT RECORD.
0ERROR SUBROUTINE INDICATES THAT DERIVATIVES OF COMPARTMENT AMOUNTS ARE USED.
0DES SUBROUTINE USES FULL STORAGE MODE.
1


 #TBLN:      1
 #METH: First Order Conditional Estimation

 ESTIMATION STEP OMITTED:                 NO  
 ANALYSIS TYPE:                           POPULATION
 CONDITIONAL ESTIMATES USED:              YES 
 CENTERED ETA:                            NO  
 EPS-ETA INTERACTION:                     NO  
 LAPLACIAN OBJ. FUNC.:                    NO  
 NO. OF FUNCT. EVALS. ALLOWED:            8000
 NO. OF SIG. FIGURES REQUIRED:            3
 INTERMEDIATE PRINTOUT:                   YES 
 ESTIMATE OUTPUT TO MSF:                  NO  
 ABORT WITH PRED EXIT CODE 1:             NO  
 IND. OBJ. FUNC. VALUES SORTED:           NO  
 NUMERICAL DERIVATIVE 
       FILE REQUEST (NUMDER):             NONE
 MAP (ETAHAT) ESTIMATION METHOD (OPTMAP): 0           
 ETA HESSIAN EVALUATION METHOD (ETADER):  0           
 INITIAL ETA FOR MAP ESTIMATION (MCETA):  0           
 SIGDIGITS FOR MAP ESTIMATION (SIGLO):    9           
 GRADIENT SIGDIGITS OF 
       FIXED EFFECTS PARAMETERS (SIGL):   9           
 EXCLUDE TITLE (NOTITLE):                 NO 
 EXCLUDE COLUMN LABELS (NOLABEL):         NO 
 NOPRIOR SETTING (NOPRIOR):               OFF
 NOCOV SETTING (NOCOV):                   OFF
 DERCONT SETTING (DERCONT):               OFF
 ABSOLUTE TOLERANCE-ADVAN 9,13 ONLY(ATOL):-100        
 FINAL ETA RE-EVALUATION (FNLETA):        ON 
 EXCLUDE NON-INFLUENTIAL (NON-INFL.) ETAS 
       IN SHRINKAGE (ETASTYPE):           NO 
 NON-INFL. ETA CORRECTION (NONINFETA):    OFF
 FORMAT FOR ADDITIONAL FILES (FORMAT):    S1PE12.5
 PARAMETER ORDER FOR OUTPUTS (ORDER):     TSOL
 ADDITIONAL CONVERGENCE TEST (CTYPE=4)?:  NO
 EM OR BAYESIAN METHOD USED:                NONE


 THE FOLLOWING LABELS ARE EQUIVALENT
 PRED=NPRED
 RES=NRES
 WRES=NWRES
 IWRS=NIWRES
 IPRD=NIPRED
 IRS=NIRES

 MONITORING OF SEARCH:


0ITERATION NO.:    0    OBJECTIVE VALUE:   12266619.4889237        NO. OF FUNC. EVALS.:  29
 CUMULATIVE NO. OF FUNC. EVALS.:       29
 NPARAMETR:  1.1420E-02  3.9900E-01  2.5920E+00  9.1680E-02  5.8380E+00  2.4470E-02  1.0300E+02  2.4000E+02  2.6200E+02  5.2530E+00
             1.0000E-02  1.0000E-02  2.0000E-01  1.3660E-01 -1.3480E-01  3.1500E-01  3.7490E-02  6.6750E-02  9.0000E-02  9.0000E-02
             5.0000E-01  5.0000E-01  5.0000E-02  9.0000E-02  9.0000E-02  1.0000E-03  5.0000E-02
 PARAMETER:  1.0000E-01  1.0000E-01  1.0000E-01  1.0000E-01  1.0000E-01  1.0000E-01  1.0000E-01  1.0000E-01  1.0000E-01  1.0000E-01
             1.0000E-01  1.0000E-01  1.0000E-01  1.0000E-01 -1.0000E-01  1.0000E-01  1.0000E-01  1.0000E-01  1.0000E-01  1.0000E-01
             1.0000E-01  1.0000E-01  1.0000E-01  1.0000E-01  1.0000E-01  1.0000E-01  1.0000E-01
 GRADIENT:   9.6883E+06 -2.4620E+07 -2.2406E+07  8.0217E+06 -1.5971E+07  9.6580E+00 -3.3006E+00  2.4817E+03  6.5505E+03  6.8041E+06
             1.6720E+02 -2.4356E+07 -2.8854E-01 -2.0446E+02  4.6812E+01 -6.3900E+00 -6.1784E+03 -4.7201E+03 -2.0543E+03 -5.6659E+03
            -5.0893E+01  1.0069E+01  3.2338E+01 -2.4519E+07  2.7753E-03 -9.8894E+01  4.1715E+01

0ITERATION NO.:   10    OBJECTIVE VALUE:  -58.2495229307881        NO. OF FUNC. EVALS.:  30
 CUMULATIVE NO. OF FUNC. EVALS.:      334
 NPARAMETR:  5.5534E-03  5.3860E-01  1.2557E+01  2.0201E-01  5.1283E+01  2.5250E-02  1.3931E+02  2.6811E+02  2.9716E+02  4.5568E+00
             7.0579E-03  8.6135E-02  2.0331E-01  3.9783E-01 -1.8819E-01  1.5909E-01  3.4123E-02  8.0255E-02  6.6176E-01  8.5851E-01
             1.6548E-01  7.6975E-01  1.3744E-02  4.9695E+00  8.9942E-02  1.6641E-04  6.9595E-03
 PARAMETER: -6.2096E-01  4.0001E-01  1.6778E+00  8.9003E-01  2.2730E+00  1.3136E-01  4.0195E-01  2.1077E-01  2.2594E-01 -4.2172E-02
            -2.5141E-01  2.3334E+00  1.2054E-01  6.3448E-01 -8.1807E-02 -3.7721E-01  1.4668E-01  1.3760E-01  1.0975E+00  1.2277E+00
            -4.5289E-01  3.1573E-01 -5.4572E-01  2.1056E+00  9.9676E-02 -7.9665E-01 -8.8596E-01
 GRADIENT:   5.5050E+01 -4.7247E+02  5.3000E+01 -1.1257E+02  8.4230E+00 -4.8315E+00 -1.9801E+00 -5.6866E+00  9.0389E+01 -5.2664E+01
             1.7643E+01 -6.6977E+01 -3.7526E+00 -1.8985E+01  8.8141E-01 -3.9651E-02 -3.3696E+01 -1.8938E+01  8.3349E+00 -7.0111E+01
             1.8844E+01  2.5717E+00 -4.3262E+00 -5.4674E+01 -8.3172E-02 -1.5791E+01 -4.1997E+00

0ITERATION NO.:   20    OBJECTIVE VALUE:  -159.073710333243        NO. OF FUNC. EVALS.:  30
 CUMULATIVE NO. OF FUNC. EVALS.:      638
 NPARAMETR:  1.5055E-02  6.3951E-01  5.4622E+00  3.7835E-01  1.8461E+01  9.1839E-02  1.1375E+03  3.3762E+02  3.8181E+03  2.0687E+00
             2.3700E-03  5.8426E-01  3.9242E-01  3.2302E-01 -9.6213E-02  1.5356E-01 -5.4182E-02  5.9849E-02  4.4710E+00  2.7293E+02
             2.7321E-03  4.3451E-01  2.7626E-02  3.6661E-01  6.6731E-02  1.8298E-04  1.1932E-02
 PARAMETER:  3.7635E-01  5.7174E-01  8.4543E-01  1.5175E+00  1.2513E+00  1.4226E+00  2.5019E+00  4.4128E-01  2.7792E+00 -8.3189E-01
            -1.3474E+00  5.0354E+00  1.0491E+00  5.3033E-01 -4.6415E-02 -8.8184E-02 -1.7445E-01 -1.4247E-01  2.0528E+00  4.1086E+00
            -2.5048E+00  2.9802E-02 -1.9664E-01  8.0225E-01 -4.9570E-02 -7.4920E-01 -6.1640E-01
 GRADIENT:   1.1708E+02 -9.1438E+00  5.0637E+01  1.5131E+02  2.9886E+01  1.2585E+01  1.0759E+00 -3.9243E-01  2.7121E+01  1.4616E+02
             1.8816E+01 -1.3341E+00  8.7564E+00 -1.7199E+01 -3.8748E+00  8.0581E-01 -3.8296E+01  1.0379E+01  4.2353E+00 -2.4191E+01
            -6.1416E+00  7.7989E+00  1.6305E+01 -1.8555E+01  6.2531E-01 -1.0976E+01  2.4453E+01

0ITERATION NO.:   30    OBJECTIVE VALUE:  -222.258958197289        NO. OF FUNC. EVALS.:  30
 CUMULATIVE NO. OF FUNC. EVALS.:      941
 NPARAMETR:  1.7482E-02  7.0873E-01  3.8000E+00  6.1997E-01  9.0768E+00  1.3954E-01  2.8027E+02  7.3565E+02  7.1208E+03  9.3701E-01
             1.0200E-03  6.3105E-01  1.8830E-01  2.1689E-01 -1.5791E-01  1.6071E-01 -4.7621E-02  6.5069E-02  6.2330E+01  1.7111E+03
             2.1721E-03  1.1847E-01  1.4167E-02  7.9308E-01  3.6146E-01  1.8891E-04  3.5166E-03
 PARAMETER:  5.2582E-01  6.7451E-01  4.8257E-01  2.0114E+00  5.4133E-01  1.8409E+00  1.1010E+00  1.2201E+00  3.4024E+00 -1.6239E+00
            -2.1918E+00  5.2319E+00  2.5197E-02  3.3116E-01 -9.2969E-02 -5.9053E-01 -2.5338E-01 -5.6915E-01  3.3702E+00  5.0264E+00
            -2.6195E+00 -6.1999E-01 -5.3057E-01  1.1881E+00  7.9517E-01 -7.3325E-01 -1.2273E+00
 GRADIENT:   2.6696E+01 -7.9477E+01  3.9411E+01 -3.7484E+01 -4.0109E+00 -1.0158E-01  3.0722E+00 -5.5423E+00 -2.9423E+00 -3.5518E+01
            -5.6923E+00 -6.6393E+00  1.8973E-01 -3.9549E-01  1.1983E+02 -4.4062E+00 -5.0926E+01  4.0640E+00  6.6044E+00  4.0920E+00
            -4.3545E+00 -4.5047E-01 -3.4427E+00 -8.6215E+00 -2.0794E+00 -5.7635E+00  7.1197E+00

0ITERATION NO.:   40    OBJECTIVE VALUE:  -241.442483205308        NO. OF FUNC. EVALS.:  30
 CUMULATIVE NO. OF FUNC. EVALS.:     1242
 NPARAMETR:  1.7279E-02  7.4818E-01  3.5360E+00  4.2357E-01  8.1007E+00  9.5875E-01  1.8428E+02  1.8834E+02  4.8684E+03  1.5055E+00
             9.8810E-04  6.3469E-01  2.9183E-02  2.0202E-01 -2.0344E-01  2.5326E-01 -4.2340E-02  4.7866E-02  1.3495E+00  6.2602E+02
             5.0940E-03  2.1305E-02  1.4260E-02  8.9121E-01  9.0399E-01  2.3148E-04  5.1097E-04
 PARAMETER:  5.1412E-01  7.2868E-01  4.1056E-01  1.6304E+00  4.2757E-01  3.7682E+00  6.8173E-01 -1.4241E-01  3.0222E+00 -1.1497E+00
            -2.2236E+00  5.2475E+00 -2.0183E+00  2.9566E-01 -1.2410E-01 -5.6228E-01 -2.1901E-01 -7.4828E-01  1.4539E+00  4.5237E+00
            -2.1933E+00 -1.4778E+00 -5.2727E-01  1.2464E+00  1.2535E+00 -6.3162E-01 -2.1917E+00
 GRADIENT:  -2.9490E+01  3.1457E+01 -1.2919E+01  2.2078E+01 -1.5014E+00  6.0419E+00 -3.4207E+00  9.9420E-01  1.6344E+00  1.8640E+01
            -4.7515E+00 -9.5069E+00  3.1942E+00  7.9556E+00  2.5750E+01 -7.2972E-01  4.4679E+01 -2.8182E+00  3.5858E+00  5.6526E-02
             3.0054E+00  3.4367E+00 -2.5984E+00 -1.2985E+01 -1.5910E+00  4.0652E+00 -2.3975E+00

0ITERATION NO.:   50    OBJECTIVE VALUE:  -257.228049982366        NO. OF FUNC. EVALS.:  30
 CUMULATIVE NO. OF FUNC. EVALS.:     1546
 NPARAMETR:  1.7914E-02  7.4851E-01  3.4790E+00  3.1700E-01  7.9633E+00  6.0097E-01  2.3659E+02  1.3358E+02  2.9439E+02  1.9047E+00
             1.0272E-03  6.1237E-01  3.8606E-02  1.9052E-01 -1.8011E-01  2.7843E-01 -7.2717E-02  6.1875E-02  3.5804E-01  9.6166E-01
             5.6611E-03  6.6607E-03  1.4466E-02  1.1364E+00  1.1672E+00  2.1993E-04  8.0880E-04
 PARAMETER:  5.5024E-01  7.2913E-01  3.9432E-01  1.3406E+00  4.1045E-01  3.3011E+00  9.3160E-01 -4.8591E-01  2.1655E-01 -9.1449E-01
            -2.1848E+00  5.1524E+00 -1.7287E+00  2.6636E-01 -1.1314E-01 -1.6013E-01 -2.5159E-01 -6.5702E-01  7.9042E-01  1.2844E+00
            -2.1405E+00 -2.0592E+00 -5.2010E-01  1.3679E+00  1.3813E+00 -6.5721E-01 -1.9621E+00
 GRADIENT:  -8.5275E+00 -8.0014E+01 -9.6051E+00 -6.3732E+01  2.4488E-01 -3.7189E+00  1.2403E+00  1.5763E+00  3.1092E+01 -5.3764E+01
            -3.3429E+00 -7.4912E+00 -4.1470E+00  6.2591E+00 -7.9634E+00  6.1263E-01 -4.3643E+01  2.9495E+00 -1.2886E+00 -2.2401E+01
             2.8953E+00 -4.1794E+00 -1.1277E+00 -6.6038E+00 -1.5834E+00  2.4305E+00 -2.1097E+00

0ITERATION NO.:   60    OBJECTIVE VALUE:  -263.110934601820        NO. OF FUNC. EVALS.:  30
 CUMULATIVE NO. OF FUNC. EVALS.:     1846
 NPARAMETR:  1.8141E-02  7.5348E-01  3.4422E+00  4.3999E-01  7.8167E+00  6.2157E-01  2.2220E+02  1.2895E+02  2.6125E+02  1.3715E+00
             1.1025E-03  6.1937E-01  3.9380E-02  1.9135E-01 -1.5913E-01  2.7179E-01 -7.8652E-02  5.2643E-02  3.8890E-01  9.8746E-01
             4.3090E-03  1.3089E-02  1.4908E-02  1.1589E+00  9.6529E-01  2.1352E-04  1.1580E-03
 PARAMETER:  5.6280E-01  7.3575E-01  3.8367E-01  1.6684E+00  3.9188E-01  3.3348E+00  8.6884E-01 -5.2121E-01  9.7151E-02 -1.2429E+00
            -2.1140E+00  5.1820E+00 -1.7080E+00  2.6852E-01 -9.9743E-02 -3.3106E-02 -2.3966E-01 -8.8210E-01  8.3175E-01  1.2977E+00
            -2.2769E+00 -1.7214E+00 -5.0507E-01  1.3777E+00  1.2863E+00 -6.7202E-01 -1.7827E+00
 GRADIENT:   2.5161E+00 -5.1774E+00 -5.3114E+00  9.1731E+00 -4.8846E+00 -7.3106E-01  3.5413E-01 -9.6024E-02  3.8399E-01  8.0367E+00
            -1.3575E+00 -7.8856E+00 -5.2072E-02 -1.1530E+00 -6.1323E+00  6.8551E-01 -6.6072E+00  3.2286E-01 -6.7362E-03 -2.9808E-01
             5.9834E-03  7.8714E-01  3.0261E-01 -7.5075E+00  3.1922E-01  1.4378E+00  2.1715E-01

0ITERATION NO.:   70    OBJECTIVE VALUE:  -264.262403518672        NO. OF FUNC. EVALS.:  31
 CUMULATIVE NO. OF FUNC. EVALS.:     2151
 NPARAMETR:  1.8314E-02  7.5614E-01  3.4517E+00  5.2502E-01  7.8247E+00  6.0677E-01  2.2034E+02  1.2820E+02  2.6212E+02  1.1278E+00
             1.1761E-03  6.9174E-01  4.1021E-02  1.9744E-01 -1.7854E-01  2.6961E-01 -7.1698E-02  5.1889E-02  4.0592E-01  1.0041E+00
             4.3114E-03  1.0217E-02  1.4909E-02  9.2575E-01  9.1049E-01  2.0335E-04  1.2852E-03
 PARAMETER:  5.7228E-01  7.3926E-01  3.8645E-01  1.8451E+00  3.9289E-01  3.3107E+00  8.6046E-01 -5.2708E-01  1.0047E-01 -1.4385E+00
            -2.0493E+00  5.5034E+00 -1.6655E+00  2.8419E-01 -1.1017E-01 -1.6012E-01 -2.4806E-01 -1.2024E+00  8.5317E-01  1.3060E+00
            -2.2767E+00 -1.8453E+00 -5.0502E-01  1.2654E+00  1.2571E+00 -6.9640E-01 -1.7305E+00
 GRADIENT:   4.2776E+00 -3.9577E-01 -1.3534E+00  4.3316E+00  5.7476E-02  5.2227E-01  1.9587E-01 -9.4473E-01 -1.0332E+00  2.4718E+00
             1.3534E+00 -4.3352E+00  4.9334E-01  2.1444E+00  9.1397E+00 -6.3378E-01 -2.0470E+00  6.1848E-02  6.4791E-01  1.0062E+00
            -6.4699E-02 -1.4469E+00  2.9461E-01 -4.4797E+00  3.9855E-01 -8.6503E-01  8.8039E-01

0ITERATION NO.:   80    OBJECTIVE VALUE:  -266.047987457470        NO. OF FUNC. EVALS.:  30
 CUMULATIVE NO. OF FUNC. EVALS.:     2452
 NPARAMETR:  1.8464E-02  7.5892E-01  3.2731E+00  3.9343E-01  7.4306E+00  6.7209E-01  2.1726E+02  1.2489E+02  2.5999E+02  1.5416E+00
             1.1299E-03  8.9653E-01  3.6902E-02  1.9064E-01 -2.1979E-01  2.7898E-01 -3.6475E-02  5.2404E-02  3.8992E-01  9.8981E-01
             4.5620E-03  1.2998E-02  1.4793E-02  6.8491E-01  9.3963E-01  2.0693E-04  1.1276E-03
 PARAMETER:  5.8044E-01  7.4293E-01  3.3330E-01  1.5566E+00  3.4121E-01  3.4129E+00  8.4635E-01 -5.5320E-01  9.2286E-02 -1.1259E+00
            -2.0893E+00  6.8544E+00 -1.7756E+00  2.6666E-01 -1.3802E-01 -8.8086E-01 -2.5945E-01 -2.3829E+00  8.3307E-01  1.2989E+00
            -2.2484E+00 -1.7249E+00 -5.0893E-01  1.1147E+00  1.2728E+00 -6.8769E-01 -1.7960E+00
 GRADIENT:  -4.7400E-02  2.7904E-01  1.4832E-01  1.2051E-01 -2.5057E-01 -6.6838E-02  1.1870E-03  5.7903E-02 -5.6027E-03  8.7372E-02
             1.4922E-02 -1.4116E-02 -1.9758E-02 -1.8748E-02 -1.1092E+00  2.8938E-02  5.7573E-01  2.3327E-04 -4.3594E-02 -3.9927E-02
            -9.8548E-03  2.1350E-02  2.9584E-02  1.2631E-01 -3.2423E-02  2.4138E-02 -9.7020E-03

0ITERATION NO.:   87    OBJECTIVE VALUE:  -266.072466444701        NO. OF FUNC. EVALS.:  54
 CUMULATIVE NO. OF FUNC. EVALS.:     2878
 NPARAMETR:  1.8533E-02  7.6035E-01  3.2695E+00  4.2245E-01  7.4335E+00  6.6402E-01  2.1773E+02  1.2467E+02  2.6155E+02  1.4243E+00
             1.1251E-03  8.9993E-01  3.7409E-02  1.9129E-01 -2.2036E-01  2.7858E-01 -3.5759E-02  5.2066E-02  3.9294E-01  9.9408E-01
             4.6084E-03  1.3135E-02  1.4796E-02  6.7783E-01  9.4051E-01  2.0697E-04  1.1283E-03
 PARAMETER:  5.8420E-01  7.4482E-01  3.3222E-01  1.6278E+00  3.4160E-01  3.4009E+00  8.4851E-01 -5.5493E-01  9.8273E-02 -1.2051E+00
            -2.0936E+00  6.8916E+00 -1.7614E+00  2.6837E-01 -1.3814E-01 -8.9794E-01 -2.5874E-01 -2.4531E+00  8.3692E-01  1.3010E+00
            -2.2434E+00 -1.7197E+00 -5.0884E-01  1.1095E+00  1.2733E+00 -6.8760E-01 -1.7956E+00
 GRADIENT:  -8.9285E-03  2.0451E-02  2.4953E-02  1.9172E-02 -6.2853E-03  3.9408E-03  6.6180E-04 -8.1922E-04  1.7153E-04  2.1330E-02
             2.9338E-04  1.7013E-04  5.8130E-03  8.3405E-03 -7.7002E-02  1.0536E-03 -1.5055E-02  2.9043E-05  2.3961E-04  1.7234E-03
            -1.4205E-04  7.6980E-04  7.2514E-04 -2.8024E-03  5.7601E-03  9.7369E-04  1.7800E-03

 #TERM:
0MINIMIZATION SUCCESSFUL
 NO. OF FUNCTION EVALUATIONS USED:     2878
 NO. OF SIG. DIGITS IN FINAL EST.:  3.6

 ETABAR IS THE ARITHMETIC MEAN OF THE ETA-ESTIMATES,
 AND THE P-VALUE IS GIVEN FOR THE NULL HYPOTHESIS THAT THE TRUE MEAN IS 0.

 ETABAR:         0.0000E+00
 SE:             0.0000E+00
 N:                     138

 P VAL.:         1.0000E+00

 ETAshrink(%):   1.0000E+02
 EBVshrink(%):   0.0000E+00
 EPSshrink(%):   1.0000E-10  1.8468E-01  1.0000E-10  1.0000E+02  1.0000E-10  1.0000E-10  1.0000E-10  1.8469E-01  1.0000E+02  2.3487E-01
                 1.0000E+02  1.0000E+02  1.0000E+02  1.0000E-10  6.7148E+00  1.0000E-10  1.0000E+02  6.7148E+00

 #TERE:
 Elapsed estimation time in seconds:    90.44
 Elapsed covariance time in seconds:    50.77
1
 
 
 
 
 
 
 
 
 
 
 
 
 
 
 
 
 
 
 
 
 ************************************************************************************************************************
 ********************                                                                                ********************
 ********************                        FIRST ORDER CONDITIONAL ESTIMATION                      ********************
 #OBJT:**************                       MINIMUM VALUE OF OBJECTIVE FUNCTION                      ********************
 ********************                                                                                ********************
 ************************************************************************************************************************
 





 #OBJV:********************************************     -266.072       **************************************************
1
 ************************************************************************************************************************
 ********************                                                                                ********************
 ********************                        FIRST ORDER CONDITIONAL ESTIMATION                      ********************
 ********************                             FINAL PARAMETER ESTIMATE                           ********************
 ********************                                                                                ********************
 ************************************************************************************************************************
 


 THETA - VECTOR OF FIXED EFFECTS PARAMETERS   *********


         TH 1      TH 2      TH 3      TH 4      TH 5      TH 6      TH 7      TH 8      TH 9      TH10      TH11      TH12     
          TH13     
 
         1.85E-02  7.60E-01  3.27E+00  4.22E-01  7.43E+00  6.64E-01  2.18E+02  1.25E+02  2.62E+02  1.42E+00  1.13E-03  9.00E-01
          3.74E-02
 


 OMEGA - COV MATRIX FOR RANDOM EFFECTS - ETAS  ********


            ETA1   
 
 ETA1
+        0.00E+00
 


 SIGMA - COV MATRIX FOR RANDOM EFFECTS - EPSILONS  ****


            EPS1      EPS2      EPS3      EPS4      EPS5      EPS6      EPS7      EPS8      EPS9      EP10      EP11      EP12   
             EP13      EP14      EP15      EP16      EP17      EP18   
 
 EPS1
+        1.91E-01
 
 EPS2
+       -2.20E-01  2.79E-01
 
 EPS3
+        0.00E+00 -3.58E-02  5.21E-02
 
 EPS4
+        0.00E+00  0.00E+00  0.00E+00  0.00E+00
 
 EPS5
+        0.00E+00  0.00E+00  0.00E+00  0.00E+00  3.93E-01
 
 EPS6
+        0.00E+00  0.00E+00  0.00E+00  0.00E+00  0.00E+00  9.94E-01
 
 EPS7
+        0.00E+00  0.00E+00  0.00E+00  0.00E+00  0.00E+00  0.00E+00  4.61E-03
 
 EPS8
+        0.00E+00  0.00E+00  0.00E+00  0.00E+00  0.00E+00  0.00E+00  0.00E+00  1.31E-02
 
 EPS9
+        0.00E+00  0.00E+00  0.00E+00  0.00E+00  0.00E+00  0.00E+00  0.00E+00  0.00E+00  0.00E+00
 
 EP10
+        0.00E+00  0.00E+00  0.00E+00  0.00E+00  0.00E+00  0.00E+00  0.00E+00  0.00E+00  0.00E+00  1.48E-02
 
 EP11
+        0.00E+00  0.00E+00  0.00E+00  0.00E+00  0.00E+00  0.00E+00  0.00E+00  0.00E+00  0.00E+00  0.00E+00  0.00E+00
 
 EP12
+        0.00E+00  0.00E+00  0.00E+00  0.00E+00  0.00E+00  0.00E+00  0.00E+00  0.00E+00  0.00E+00  0.00E+00  0.00E+00  0.00E+00
 
1

            EPS1      EPS2      EPS3      EPS4      EPS5      EPS6      EPS7      EPS8      EPS9      EP10      EP11      EP12   
             EP13      EP14      EP15      EP16      EP17      EP18   
 
 EP13
+        0.00E+00  0.00E+00  0.00E+00  0.00E+00  0.00E+00  0.00E+00  0.00E+00  0.00E+00  0.00E+00  0.00E+00  0.00E+00  0.00E+00
          0.00E+00
 
 EP14
+        0.00E+00  0.00E+00  0.00E+00  0.00E+00  0.00E+00  0.00E+00  0.00E+00  0.00E+00  0.00E+00  0.00E+00  0.00E+00  0.00E+00
          0.00E+00  6.78E-01
 
 EP15
+        0.00E+00  0.00E+00  0.00E+00  0.00E+00  0.00E+00  0.00E+00  0.00E+00  0.00E+00  0.00E+00  0.00E+00  0.00E+00  0.00E+00
          0.00E+00  0.00E+00  9.41E-01
 
 EP16
+        0.00E+00  0.00E+00  0.00E+00  0.00E+00  0.00E+00  0.00E+00  0.00E+00  0.00E+00  0.00E+00  0.00E+00  0.00E+00  0.00E+00
          0.00E+00  0.00E+00  0.00E+00  2.07E-04
 
 EP17
+        0.00E+00  0.00E+00  0.00E+00  0.00E+00  0.00E+00  0.00E+00  0.00E+00  0.00E+00  0.00E+00  0.00E+00  0.00E+00  0.00E+00
          0.00E+00  0.00E+00  0.00E+00  0.00E+00  0.00E+00
 
 EP18
+        0.00E+00  0.00E+00  0.00E+00  0.00E+00  0.00E+00  0.00E+00  0.00E+00  0.00E+00  0.00E+00  0.00E+00  0.00E+00  0.00E+00
          0.00E+00  0.00E+00  0.00E+00  0.00E+00  0.00E+00  1.13E-03
 
1


 OMEGA - CORR MATRIX FOR RANDOM EFFECTS - ETAS  *******


            ETA1   
 
 ETA1
+        0.00E+00
 


 SIGMA - CORR MATRIX FOR RANDOM EFFECTS - EPSILONS  ***


            EPS1      EPS2      EPS3      EPS4      EPS5      EPS6      EPS7      EPS8      EPS9      EP10      EP11      EP12   
             EP13      EP14      EP15      EP16      EP17      EP18   
 
 EPS1
+        4.37E-01
 
 EPS2
+       -9.55E-01  5.28E-01
 
 EPS3
+        0.00E+00 -2.97E-01  2.28E-01
 
 EPS4
+        0.00E+00  0.00E+00  0.00E+00  0.00E+00
 
 EPS5
+        0.00E+00  0.00E+00  0.00E+00  0.00E+00  6.27E-01
 
 EPS6
+        0.00E+00  0.00E+00  0.00E+00  0.00E+00  0.00E+00  9.97E-01
 
 EPS7
+        0.00E+00  0.00E+00  0.00E+00  0.00E+00  0.00E+00  0.00E+00  6.79E-02
 
 EPS8
+        0.00E+00  0.00E+00  0.00E+00  0.00E+00  0.00E+00  0.00E+00  0.00E+00  1.15E-01
 
 EPS9
+        0.00E+00  0.00E+00  0.00E+00  0.00E+00  0.00E+00  0.00E+00  0.00E+00  0.00E+00  0.00E+00
 
 EP10
+        0.00E+00  0.00E+00  0.00E+00  0.00E+00  0.00E+00  0.00E+00  0.00E+00  0.00E+00  0.00E+00  1.22E-01
 
 EP11
+        0.00E+00  0.00E+00  0.00E+00  0.00E+00  0.00E+00  0.00E+00  0.00E+00  0.00E+00  0.00E+00  0.00E+00  0.00E+00
 
 EP12
+        0.00E+00  0.00E+00  0.00E+00  0.00E+00  0.00E+00  0.00E+00  0.00E+00  0.00E+00  0.00E+00  0.00E+00  0.00E+00  0.00E+00
 
 EP13
+        0.00E+00  0.00E+00  0.00E+00  0.00E+00  0.00E+00  0.00E+00  0.00E+00  0.00E+00  0.00E+00  0.00E+00  0.00E+00  0.00E+00
          0.00E+00
 
 EP14
+        0.00E+00  0.00E+00  0.00E+00  0.00E+00  0.00E+00  0.00E+00  0.00E+00  0.00E+00  0.00E+00  0.00E+00  0.00E+00  0.00E+00
          0.00E+00  8.23E-01
 
 EP15
+        0.00E+00  0.00E+00  0.00E+00  0.00E+00  0.00E+00  0.00E+00  0.00E+00  0.00E+00  0.00E+00  0.00E+00  0.00E+00  0.00E+00
          0.00E+00  0.00E+00  9.70E-01
 
 EP16
+        0.00E+00  0.00E+00  0.00E+00  0.00E+00  0.00E+00  0.00E+00  0.00E+00  0.00E+00  0.00E+00  0.00E+00  0.00E+00  0.00E+00
          0.00E+00  0.00E+00  0.00E+00  1.44E-02
 
 EP17
+        0.00E+00  0.00E+00  0.00E+00  0.00E+00  0.00E+00  0.00E+00  0.00E+00  0.00E+00  0.00E+00  0.00E+00  0.00E+00  0.00E+00
          0.00E+00  0.00E+00  0.00E+00  0.00E+00  0.00E+00
 
1

            EPS1      EPS2      EPS3      EPS4      EPS5      EPS6      EPS7      EPS8      EPS9      EP10      EP11      EP12   
             EP13      EP14      EP15      EP16      EP17      EP18   
 
 EP18
+        0.00E+00  0.00E+00  0.00E+00  0.00E+00  0.00E+00  0.00E+00  0.00E+00  0.00E+00  0.00E+00  0.00E+00  0.00E+00  0.00E+00
          0.00E+00  0.00E+00  0.00E+00  0.00E+00  0.00E+00  3.36E-02
 
1
 ************************************************************************************************************************
 ********************                                                                                ********************
 ********************                        FIRST ORDER CONDITIONAL ESTIMATION                      ********************
 ********************                            STANDARD ERROR OF ESTIMATE                          ********************
 ********************                                                                                ********************
 ************************************************************************************************************************
 


 THETA - VECTOR OF FIXED EFFECTS PARAMETERS   *********


         TH 1      TH 2      TH 3      TH 4      TH 5      TH 6      TH 7      TH 8      TH 9      TH10      TH11      TH12     
          TH13     
 
         1.90E-03  4.93E-02  3.26E-01  2.41E-01  1.25E+00  4.40E-01  5.26E+01  3.17E+01  5.35E+01  9.92E-01  2.93E-04  2.18E-01
          2.65E-02
 


 OMEGA - COV MATRIX FOR RANDOM EFFECTS - ETAS  ********


            ETA1   
 
 ETA1
+       .........
 


 SIGMA - COV MATRIX FOR RANDOM EFFECTS - EPSILONS  ****


            EPS1      EPS2      EPS3      EPS4      EPS5      EPS6      EPS7      EPS8      EPS9      EP10      EP11      EP12   
             EP13      EP14      EP15      EP16      EP17      EP18   
 
 EPS1
+        3.33E-02
 
 EPS2
+        2.88E-02  4.84E-02
 
 EPS3
+       .........  5.39E-03  1.50E-02
 
 EPS4
+       ......... ......... ......... .........
 
 EPS5
+       ......... ......... ......... .........  1.98E-01
 
 EPS6
+       ......... ......... ......... ......... .........  3.24E-01
 
 EPS7
+       ......... ......... ......... ......... ......... .........  4.30E-03
 
 EPS8
+       ......... ......... ......... ......... ......... ......... .........  9.31E-03
 
 EPS9
+       ......... ......... ......... ......... ......... ......... ......... ......... .........
 
 EP10
+       ......... ......... ......... ......... ......... ......... ......... ......... .........  1.03E-02
 
 EP11
+       ......... ......... ......... ......... ......... ......... ......... ......... ......... ......... .........
 
 EP12
+       ......... ......... ......... ......... ......... ......... ......... ......... ......... ......... ......... .........
 
1

            EPS1      EPS2      EPS3      EPS4      EPS5      EPS6      EPS7      EPS8      EPS9      EP10      EP11      EP12   
             EP13      EP14      EP15      EP16      EP17      EP18   
 
 EP13
+       ......... ......... ......... ......... ......... ......... ......... ......... ......... ......... ......... .........
         .........
 
 EP14
+       ......... ......... ......... ......... ......... ......... ......... ......... ......... ......... ......... .........
         .........  1.53E-01
 
 EP15
+       ......... ......... ......... ......... ......... ......... ......... ......... ......... ......... ......... .........
         ......... .........  4.45E-01
 
 EP16
+       ......... ......... ......... ......... ......... ......... ......... ......... ......... ......... ......... .........
         ......... ......... .........  8.66E-05
 
 EP17
+       ......... ......... ......... ......... ......... ......... ......... ......... ......... ......... ......... .........
         ......... ......... ......... ......... .........
 
 EP18
+       ......... ......... ......... ......... ......... ......... ......... ......... ......... ......... ......... .........
         ......... ......... ......... ......... .........  1.24E-03
 
1


 OMEGA - CORR MATRIX FOR RANDOM EFFECTS - ETAS  *******


            ETA1   
 
 ETA1
+       .........
 


 SIGMA - CORR MATRIX FOR RANDOM EFFECTS - EPSILONS  ***


            EPS1      EPS2      EPS3      EPS4      EPS5      EPS6      EPS7      EPS8      EPS9      EP10      EP11      EP12   
             EP13      EP14      EP15      EP16      EP17      EP18   
 
 EPS1
+        3.81E-02
 
 EPS2
+        5.13E-03  4.58E-02
 
 EPS3
+       .........  1.64E-02  3.28E-02
 
 EPS4
+       ......... ......... ......... .........
 
 EPS5
+       ......... ......... ......... .........  1.58E-01
 
 EPS6
+       ......... ......... ......... ......... .........  1.62E-01
 
 EPS7
+       ......... ......... ......... ......... ......... .........  3.17E-02
 
 EPS8
+       ......... ......... ......... ......... ......... ......... .........  4.06E-02
 
 EPS9
+       ......... ......... ......... ......... ......... ......... ......... ......... .........
 
 EP10
+       ......... ......... ......... ......... ......... ......... ......... ......... .........  4.24E-02
 
 EP11
+       ......... ......... ......... ......... ......... ......... ......... ......... ......... ......... .........
 
 EP12
+       ......... ......... ......... ......... ......... ......... ......... ......... ......... ......... ......... .........
 
 EP13
+       ......... ......... ......... ......... ......... ......... ......... ......... ......... ......... ......... .........
         .........
 
 EP14
+       ......... ......... ......... ......... ......... ......... ......... ......... ......... ......... ......... .........
         .........  9.31E-02
 
 EP15
+       ......... ......... ......... ......... ......... ......... ......... ......... ......... ......... ......... .........
         ......... .........  2.30E-01
 
 EP16
+       ......... ......... ......... ......... ......... ......... ......... ......... ......... ......... ......... .........
         ......... ......... .........  3.01E-03
 
 EP17
+       ......... ......... ......... ......... ......... ......... ......... ......... ......... ......... ......... .........
         ......... ......... ......... ......... .........
 
1

            EPS1      EPS2      EPS3      EPS4      EPS5      EPS6      EPS7      EPS8      EPS9      EP10      EP11      EP12   
             EP13      EP14      EP15      EP16      EP17      EP18   
 
 EP18
+       ......... ......... ......... ......... ......... ......... ......... ......... ......... ......... ......... .........
         ......... ......... ......... ......... .........  1.84E-02
 
1
 ************************************************************************************************************************
 ********************                                                                                ********************
 ********************                        FIRST ORDER CONDITIONAL ESTIMATION                      ********************
 ********************                          COVARIANCE MATRIX OF ESTIMATE                         ********************
 ********************                                                                                ********************
 ************************************************************************************************************************
 

     TH 1 | TH 1      TH 2 | TH 1      TH 2 | TH 2      TH 3 | TH 1      TH 3 | TH 2      TH 3 | TH 3      TH 4 | TH 1  
       3.59E-06         7.81E-05         2.43E-03        -3.22E-04        -7.33E-03         1.06E-01         2.58E-04

     TH 4 | TH 2      TH 4 | TH 3      TH 4 | TH 4      TH 5 | TH 1      TH 5 | TH 2      TH 5 | TH 3      TH 5 | TH 4  
       5.13E-03        -2.40E-02         5.82E-02        -4.46E-04        -1.43E-04         2.64E-01        -2.80E-02

     TH 5 | TH 5      TH 6 | TH 1      TH 6 | TH 2      TH 6 | TH 3      TH 6 | TH 4      TH 6 | TH 5      TH 6 | TH 6  
       1.57E+00        -4.17E-04        -5.02E-03         2.56E-02        -8.28E-02         1.77E-01         1.94E-01

     TH 7 | TH 1      TH 7 | TH 2      TH 7 | TH 3      TH 7 | TH 4      TH 7 | TH 5      TH 7 | TH 6      TH 7 | TH 7  
       1.28E-02         5.15E-01        -1.58E+00         2.07E+00         6.39E-01        -1.25E+00         2.77E+03

     TH 8 | TH 1      TH 8 | TH 2      TH 8 | TH 3      TH 8 | TH 4      TH 8 | TH 5      TH 8 | TH 6      TH 8 | TH 7  
      -5.54E-04         1.17E-01         2.78E+00        -6.11E-01         9.01E+00         5.57E-01         1.48E+02

     TH 8 | TH 8      TH 9 | TH 1      TH 9 | TH 2      TH 9 | TH 3      TH 9 | TH 4      TH 9 | TH 5      TH 9 | TH 6  
       1.00E+03         5.71E-03         2.32E-01        -1.30E+00        -2.16E-01        -1.07E+00         6.86E-01

     TH 9 | TH 7      TH 9 | TH 8      TH 9 | TH 9      TH10 | TH 1      TH10 | TH 2      TH10 | TH 3      TH10 | TH 4  
       9.05E+02        -2.38E+02         2.86E+03        -1.14E-03        -2.41E-02         1.01E-01        -2.38E-01

     TH10 | TH 5      TH10 | TH 6      TH10 | TH 7      TH10 | TH 8      TH10 | TH 9      TH10 | TH10      TH11 | TH 1  
       1.06E-01         3.42E-01        -8.89E+00         1.93E+00         6.16E-01         9.83E-01        -2.38E-07

     TH11 | TH 2      TH11 | TH 3      TH11 | TH 4      TH11 | TH 5      TH11 | TH 6      TH11 | TH 7      TH11 | TH 8  
      -6.61E-06         2.46E-05        -2.37E-05         2.00E-05         3.22E-05        -1.53E-03        -8.10E-05

     TH11 | TH 9      TH11 | TH10      TH11 | TH11      TH12 | TH 1      TH12 | TH 2      TH12 | TH 3      TH12 | TH 4  
      -4.76E-04         1.05E-04         8.57E-08         5.50E-05        -3.60E-04        -3.85E-02         1.05E-03

     TH12 | TH 5      TH12 | TH 6      TH12 | TH 7      TH12 | TH 8      TH12 | TH 9      TH12 | TH10      TH12 | TH11  
      -1.71E-01        -1.03E-02        -2.71E-01        -1.45E+00         2.36E-01        -1.35E-03         1.14E-05

     TH12 | TH12      TH13 | TH 1      TH13 | TH 2      TH13 | TH 3      TH13 | TH 4      TH13 | TH 5      TH13 | TH 6  
       4.73E-02         2.38E-05         2.85E-04        -1.37E-03         4.74E-03        -9.40E-03        -1.09E-02

     TH13 | TH 7      TH13 | TH 8      TH13 | TH 9      TH13 | TH10      TH13 | TH11      TH13 | TH12      TH13 | TH13  
       7.27E-02        -2.92E-02        -4.21E-02        -1.96E-02        -1.94E-06         1.62E-03         7.00E-04

   SG0101 | TH 1    SG0101 | TH 2    SG0101 | TH 3    SG0101 | TH 4    SG0101 | TH 5    SG0101 | TH 6    SG0101 | TH 7  
       2.70E-05         9.17E-04        -6.87E-03         2.50E-03        -6.18E-03        -1.59E-03         2.19E-01

   SG0101 | TH 8    SG0101 | TH 9    SG0101 | TH10    SG0101 | TH11    SG0101 | TH12    SG0101 | TH13    SG0101 | SG0101
      -1.18E-01         1.48E-01        -1.09E-02        -2.67E-06         1.26E-03         8.35E-05         1.11E-03

   SG0102 | TH 1    SG0102 | TH 2    SG0102 | TH 3    SG0102 | TH 4    SG0102 | TH 5    SG0102 | TH 6    SG0102 | TH 7  
      -1.23E-05        -3.76E-04         3.52E-03        -1.12E-03         9.21E-03         1.99E-03        -9.27E-02

   SG0102 | TH 8    SG0102 | TH 9    SG0102 | TH10    SG0102 | TH11    SG0102 | TH12    SG0102 | TH13    SG0102 | SG0101
       6.87E-02        -5.31E-02         4.93E-03         1.19E-06        -1.11E-03        -1.07E-04        -6.82E-04

   SG0102 | SG0102  SG0202 | TH 1    SG0202 | TH 2    SG0202 | TH 3    SG0202 | TH 4    SG0202 | TH 5    SG0202 | TH 6  
       8.29E-04        -7.61E-06        -3.56E-04         9.37E-04        -7.34E-04        -1.36E-02        -2.59E-03

   SG0202 | TH 7    SG0202 | TH 8    SG0202 | TH 9    SG0202 | TH10    SG0202 | TH11    SG0202 | TH12    SG0202 | TH13  
      -7.79E-02        -4.03E-03        -7.57E-02         3.07E-03         7.97E-07         9.53E-04         1.41E-04

   SG0202 | SG0101  SG0202 | SG0102  SG0202 | SG0202  SG0203 | TH 1    SG0203 | TH 2    SG0203 | TH 3    SG0203 | TH 4  
       1.08E-04        -1.04E-03         2.34E-03         4.16E-06         6.39E-05        -1.71E-04         1.02E-03

   SG0203 | TH 5    SG0203 | TH 6    SG0203 | TH 7    SG0203 | TH 8    SG0203 | TH 9    SG0203 | TH10    SG0203 | TH11  
       4.95E-04        -1.57E-03         1.76E-02        -3.64E-03         1.64E-03        -4.14E-03        -3.38E-07

   SG0203 | TH12    SG0203 | TH13    SG0203 | SG0101  SG0203 | SG0102  SG0203 | SG0202  SG0203 | SG0203  SG0303 | TH 1  
      -6.99E-05         8.96E-05        -3.26E-06         3.54E-05        -7.99E-05         2.90E-05        -1.22E-05

   SG0303 | TH 2    SG0303 | TH 3    SG0303 | TH 4    SG0303 | TH 5    SG0303 | TH 6    SG0303 | TH 7    SG0303 | TH 8  
      -1.75E-04         6.09E-04        -2.96E-03        -2.01E-04         4.75E-03        -4.87E-02         1.54E-02

   SG0303 | TH 9    SG0303 | TH10    SG0303 | TH11    SG0303 | TH12    SG0303 | TH13    SG0303 | SG0101  SG0303 | SG0102
      -1.91E-03         1.20E-02         9.73E-07         8.28E-05        -2.71E-04        -1.54E-05        -1.98E-05

   SG0303 | SG0202  SG0303 | SG0203  SG0303 | SG0303  SG0505 | TH 1    SG0505 | TH 2    SG0505 | TH 3    SG0505 | TH 4  
       6.79E-05        -7.85E-05         2.24E-04         4.00E-06         5.16E-05        -1.69E-03         1.22E-03

   SG0505 | TH 5    SG0505 | TH 6    SG0505 | TH 7    SG0505 | TH 8    SG0505 | TH 9    SG0505 | TH10    SG0505 | TH11  
      -7.98E-03        -3.10E-03         1.37E+00         5.34E+00        -1.80E+00        -5.11E-03        -5.36E-07

   SG0505 | TH12    SG0505 | TH13    SG0505 | SG0101  SG0505 | SG0102  SG0505 | SG0202  SG0505 | SG0203  SG0505 | SG0303
       7.67E-04         1.74E-04         6.93E-05        -6.40E-05         5.84E-05         3.12E-05        -9.62E-05

   SG0505 | SG0505  SG0606 | TH 1    SG0606 | TH 2    SG0606 | TH 3    SG0606 | TH 4    SG0606 | TH 5    SG0606 | TH 6  
       3.92E-02         2.12E-06        -1.46E-04         3.77E-04         8.08E-03        -1.34E-03        -1.19E-03

   SG0606 | TH 7    SG0606 | TH 8    SG0606 | TH 9    SG0606 | TH10    SG0606 | TH11    SG0606 | TH12    SG0606 | TH13  
       2.99E+00        -1.26E+00        -5.58E+00        -2.91E-02        -1.00E-07         1.73E-04         7.55E-05

   SG0606 | SG0101  SG0606 | SG0102  SG0606 | SG0202  SG0606 | SG0203  SG0606 | SG0303  SG0606 | SG0505  SG0606 | SG0606
      -9.18E-05        -1.81E-05         1.69E-04        -5.10E-05         1.36E-04        -1.05E-02         1.05E-01

   SG0707 | TH 1    SG0707 | TH 2    SG0707 | TH 3    SG0707 | TH 4    SG0707 | TH 5    SG0707 | TH 6    SG0707 | TH 7  
       2.06E-06         3.81E-05         5.05E-05        -7.71E-05         1.16E-03         4.75E-04        -6.75E-04

   SG0707 | TH 8    SG0707 | TH 9    SG0707 | TH10    SG0707 | TH11    SG0707 | TH12    SG0707 | TH13    SG0707 | SG0101
       7.33E-03        -6.25E-05         2.43E-04        -6.91E-08        -8.63E-05        -2.48E-05        -3.18E-05

   SG0707 | SG0102  SG0707 | SG0202  SG0707 | SG0203  SG0707 | SG0303  SG0707 | SG0505  SG0707 | SG0606  SG0707 | SG0707
       2.47E-05        -1.52E-05         5.68E-07        -6.65E-07        -1.55E-05         4.12E-06         1.85E-05

   SG0808 | TH 1    SG0808 | TH 2    SG0808 | TH 3    SG0808 | TH 4    SG0808 | TH 5    SG0808 | TH 6    SG0808 | TH 7  
       6.01E-06         1.38E-04        -1.78E-03         6.06E-04        -2.66E-03        -3.87E-04         2.95E-02

   SG0808 | TH 8    SG0808 | TH 9    SG0808 | TH10    SG0808 | TH11    SG0808 | TH12    SG0808 | TH13    SG0808 | SG0101
      -4.82E-02         2.48E-02        -2.49E-03        -4.71E-07         5.21E-04         2.16E-05         1.77E-04

   SG0808 | SG0102  SG0808 | SG0202  SG0808 | SG0203  SG0808 | SG0303  SG0808 | SG0505  SG0808 | SG0606  SG0808 | SG0707
      -6.73E-05        -7.93E-05         2.76E-06        -9.43E-06         2.38E-05        -1.44E-05        -2.04E-07

   SG0808 | SG0808  SG1010 | TH 1    SG1010 | TH 2    SG1010 | TH 3    SG1010 | TH 4    SG1010 | TH 5    SG1010 | TH 6  
       8.68E-05        -5.15E-07        -1.23E-05         4.18E-05         5.58E-06         2.89E-05         2.99E-05

   SG1010 | TH 7    SG1010 | TH 8    SG1010 | TH 9    SG1010 | TH10    SG1010 | TH11    SG1010 | TH12    SG1010 | TH13  
      -3.04E-01        -2.43E-03        -5.75E-02         8.81E-06         3.28E-08        -4.25E-06        -1.73E-06

   SG1010 | SG0101  SG1010 | SG0102  SG1010 | SG0202  SG1010 | SG0203  SG1010 | SG0303  SG1010 | SG0505  SG1010 | SG0606
       9.89E-07        -9.88E-07         9.93E-07        -4.56E-08         6.67E-08        -1.85E-05        -5.93E-04

   SG1010 | SG0707  SG1010 | SG0808  SG1010 | SG1010  SG1414 | TH 1    SG1414 | TH 2    SG1414 | TH 3    SG1414 | TH 4  
      -5.57E-07        -2.89E-08         1.06E-04        -2.32E-06        -5.88E-05        -1.10E-03        -3.43E-04

   SG1414 | TH 5    SG1414 | TH 6    SG1414 | TH 7    SG1414 | TH 8    SG1414 | TH 9    SG1414 | TH10    SG1414 | TH11  
      -7.87E-03         9.99E-04        -9.56E-03        -4.56E-02         1.25E-02         1.59E-03         7.84E-06

   SG1414 | TH12    SG1414 | TH13    SG1414 | SG0101  SG1414 | SG0102  SG1414 | SG0202  SG1414 | SG0203  SG1414 | SG0303
      -1.96E-03        -4.09E-04         2.57E-05        -5.44E-05         9.49E-05        -5.47E-06         7.98E-06

   SG1414 | SG0505  SG1414 | SG0606  SG1414 | SG0707  SG1414 | SG0808  SG1414 | SG1010  SG1414 | SG1414  SG1515 | TH 1  
       2.73E-05         3.34E-05        -1.11E-05         1.11E-05         2.60E-07         2.35E-02        -1.01E-05

   SG1515 | TH 2    SG1515 | TH 3    SG1515 | TH 4    SG1515 | TH 5    SG1515 | TH 6    SG1515 | TH 7    SG1515 | TH 8  
      -1.60E-04        -1.71E-03        -2.64E-03        -5.02E-03         4.57E-03        -3.81E-02        -6.32E-02

   SG1515 | TH 9    SG1515 | TH10    SG1515 | TH11    SG1515 | TH12    SG1515 | TH13    SG1515 | SG0101  SG1515 | SG0102
       1.06E-02         1.07E-02         2.02E-05        -3.45E-02        -1.21E-03        -4.21E-05         9.20E-05

   SG1515 | SG0202  SG1515 | SG0203  SG1515 | SG0303  SG1515 | SG0505  SG1515 | SG0606  SG1515 | SG0707  SG1515 | SG0808
      -1.61E-04        -6.38E-05         1.95E-04        -3.49E-05        -5.33E-05         2.36E-05         1.11E-05

   SG1515 | SG1010  SG1515 | SG1414  SG1515 | SG1515  SG1616 | TH 1    SG1616 | TH 2    SG1616 | TH 3    SG1616 | TH 4  
       7.67E-07         1.67E-02         1.98E-01         2.39E-10         8.42E-09        -3.47E-09        -7.28E-08

   SG1616 | TH 5    SG1616 | TH 6    SG1616 | TH 7    SG1616 | TH 8    SG1616 | TH 9    SG1616 | TH10    SG1616 | TH11  
      -2.02E-09         2.44E-07        -6.65E-07         1.55E-06         1.79E-06         2.85E-07         1.98E-08

   SG1616 | TH12    SG1616 | TH13    SG1616 | SG0101  SG1616 | SG0102  SG1616 | SG0202  SG1616 | SG0203  SG1616 | SG0303
       9.86E-07        -1.48E-07        -2.81E-09         1.90E-09        -7.33E-10        -1.66E-10         6.56E-10

   SG1616 | SG0505  SG1616 | SG0606  SG1616 | SG0707  SG1616 | SG0808  SG1616 | SG1010  SG1616 | SG1414  SG1616 | SG1515
      -4.29E-09        -2.69E-10         7.52E-10        -1.09E-09         2.62E-12         2.14E-06         1.05E-05

   SG1616 | SG1616  SG1818 | TH 1    SG1818 | TH 2    SG1818 | TH 3    SG1818 | TH 4    SG1818 | TH 5    SG1818 | TH 6  
       7.49E-09         1.43E-08         3.38E-07         9.58E-06         5.89E-06         3.92E-05        -7.77E-06

   SG1818 | TH 7    SG1818 | TH 8    SG1818 | TH 9    SG1818 | TH10    SG1818 | TH11    SG1818 | TH12    SG1818 | TH13  
       8.54E-05         3.23E-04        -2.69E-06        -2.36E-05         9.86E-09         7.05E-05         1.22E-06

   SG1818 | SG0101  SG1818 | SG0102  SG1818 | SG0202  SG1818 | SG0203  SG1818 | SG0303  SG1818 | SG0505  SG1818 | SG0606
       1.05E-07        -2.63E-07         4.80E-07         1.53E-07        -4.71E-07        -7.61E-08         1.39E-07

   SG1818 | SG0707  SG1818 | SG0808  SG1818 | SG1010  SG1818 | SG1414  SG1818 | SG1515  SG1818 | SG1616  SG1818 | SG1818  
      -6.15E-08        -6.76E-08        -1.51E-09        -3.97E-06        -4.67E-04        -1.02E-08         1.53E-06
1
 ************************************************************************************************************************
 ********************                                                                                ********************
 ********************                        FIRST ORDER CONDITIONAL ESTIMATION                      ********************
 ********************                          CORRELATION MATRIX OF ESTIMATE                        ********************
 ********************                                                                                ********************
 ************************************************************************************************************************
 

     TH 1 | TH 1      TH 2 | TH 1      TH 2 | TH 2      TH 3 | TH 1      TH 3 | TH 2      TH 3 | TH 3      TH 4 | TH 1  
       1.90E-03         8.37E-01         4.93E-02        -5.21E-01        -4.57E-01         3.26E-01         5.63E-01

     TH 4 | TH 2      TH 4 | TH 3      TH 4 | TH 4      TH 5 | TH 1      TH 5 | TH 2      TH 5 | TH 3      TH 5 | TH 4  
       4.31E-01        -3.05E-01         2.41E-01        -1.88E-01        -2.32E-03         6.46E-01        -9.26E-02

     TH 5 | TH 5      TH 6 | TH 1      TH 6 | TH 2      TH 6 | TH 3      TH 6 | TH 4      TH 6 | TH 5      TH 6 | TH 6  
       1.25E+00        -5.00E-01        -2.31E-01         1.78E-01        -7.79E-01         3.20E-01         4.40E-01

     TH 7 | TH 1      TH 7 | TH 2      TH 7 | TH 3      TH 7 | TH 4      TH 7 | TH 5      TH 7 | TH 6      TH 7 | TH 7  
       1.28E-01         1.99E-01        -9.22E-02         1.63E-01         9.69E-03        -5.41E-02         5.26E+01

     TH 8 | TH 1      TH 8 | TH 2      TH 8 | TH 3      TH 8 | TH 4      TH 8 | TH 5      TH 8 | TH 6      TH 8 | TH 7  
      -9.22E-03         7.51E-02         2.69E-01        -7.99E-02         2.27E-01         3.99E-02         8.89E-02

     TH 8 | TH 8      TH 9 | TH 1      TH 9 | TH 2      TH 9 | TH 3      TH 9 | TH 4      TH 9 | TH 5      TH 9 | TH 6  
       3.17E+01         5.63E-02         8.78E-02        -7.48E-02        -1.67E-02        -1.59E-02         2.91E-02

     TH 9 | TH 7      TH 9 | TH 8      TH 9 | TH 9      TH10 | TH 1      TH10 | TH 2      TH10 | TH 3      TH10 | TH 4  
       3.21E-01        -1.40E-01         5.35E+01        -6.07E-01        -4.94E-01         3.13E-01        -9.96E-01

     TH10 | TH 5      TH10 | TH 6      TH10 | TH 7      TH10 | TH 8      TH10 | TH 9      TH10 | TH10      TH11 | TH 1  
       8.56E-02         7.83E-01        -1.70E-01         6.15E-02         1.16E-02         9.92E-01        -4.29E-01

     TH11 | TH 2      TH11 | TH 3      TH11 | TH 4      TH11 | TH 5      TH11 | TH 6      TH11 | TH 7      TH11 | TH 8  
      -4.58E-01         2.58E-01        -3.35E-01         5.46E-02         2.50E-01        -9.96E-02        -8.72E-03

     TH11 | TH 9      TH11 | TH10      TH11 | TH11      TH12 | TH 1      TH12 | TH 2      TH12 | TH 3      TH12 | TH 4  
      -3.04E-02         3.61E-01         2.93E-04         1.33E-01        -3.36E-02        -5.43E-01         2.01E-02

     TH12 | TH 5      TH12 | TH 6      TH12 | TH 7      TH12 | TH 8      TH12 | TH 9      TH12 | TH10      TH12 | TH11  
      -6.29E-01        -1.08E-01        -2.36E-02        -2.10E-01         2.03E-02        -6.26E-03         1.79E-01

     TH12 | TH12      TH13 | TH 1      TH13 | TH 2      TH13 | TH 3      TH13 | TH 4      TH13 | TH 5      TH13 | TH 6  
       2.18E-01         4.74E-01         2.18E-01        -1.58E-01         7.43E-01        -2.83E-01        -9.39E-01

     TH13 | TH 7      TH13 | TH 8      TH13 | TH 9      TH13 | TH10      TH13 | TH11      TH13 | TH12      TH13 | TH13  
       5.22E-02        -3.48E-02        -2.97E-02        -7.47E-01        -2.51E-01         2.81E-01         2.65E-02

   SG0101 | TH 1    SG0101 | TH 2    SG0101 | TH 3    SG0101 | TH 4    SG0101 | TH 5    SG0101 | TH 6    SG0101 | TH 7  
       4.28E-01         5.59E-01        -6.32E-01         3.10E-01        -1.48E-01        -1.08E-01         1.25E-01

   SG0101 | TH 8    SG0101 | TH 9    SG0101 | TH10    SG0101 | TH11    SG0101 | TH12    SG0101 | TH13    SG0101 | SG0101
      -1.12E-01         8.31E-02        -3.29E-01        -2.73E-01         1.73E-01         9.47E-02         3.33E-02

   SG0102 | TH 1    SG0102 | TH 2    SG0102 | TH 3    SG0102 | TH 4    SG0102 | TH 5    SG0102 | TH 6    SG0102 | TH 7  
      -2.25E-01        -2.65E-01         3.76E-01        -1.61E-01         2.55E-01         1.57E-01        -6.12E-02

   SG0102 | TH 8    SG0102 | TH 9    SG0102 | TH10    SG0102 | TH11    SG0102 | TH12    SG0102 | TH13    SG0102 | SG0101
       7.53E-02        -3.45E-02         1.73E-01         1.41E-01        -1.78E-01        -1.40E-01        -7.10E-01

   SG0102 | SG0102  SG0202 | TH 1    SG0202 | TH 2    SG0202 | TH 3    SG0202 | TH 4    SG0202 | TH 5    SG0202 | TH 6  
       2.88E-02        -8.29E-02        -1.49E-01         5.94E-02        -6.28E-02        -2.25E-01        -1.21E-01

   SG0202 | TH 7    SG0202 | TH 8    SG0202 | TH 9    SG0202 | TH10    SG0202 | TH11    SG0202 | TH12    SG0202 | TH13  
      -3.06E-02        -2.63E-03        -2.92E-02         6.40E-02         5.63E-02         9.05E-02         1.10E-01

   SG0202 | SG0101  SG0202 | SG0102  SG0202 | SG0202  SG0203 | TH 1    SG0203 | TH 2    SG0203 | TH 3    SG0203 | TH 4  
       6.71E-02        -7.50E-01         4.84E-02         4.08E-01         2.41E-01        -9.71E-02         7.86E-01

   SG0203 | TH 5    SG0203 | TH 6    SG0203 | TH 7    SG0203 | TH 8    SG0203 | TH 9    SG0203 | TH10    SG0203 | TH11  
       7.33E-02        -6.60E-01         6.22E-02        -2.13E-02         5.68E-03        -7.75E-01        -2.14E-01

   SG0203 | TH12    SG0203 | TH13    SG0203 | SG0101  SG0203 | SG0102  SG0203 | SG0202  SG0203 | SG0203  SG0303 | TH 1  
      -5.96E-02         6.28E-01        -1.82E-02         2.28E-01        -3.06E-01         5.39E-03        -4.29E-01

   SG0303 | TH 2    SG0303 | TH 3    SG0303 | TH 4    SG0303 | TH 5    SG0303 | TH 6    SG0303 | TH 7    SG0303 | TH 8  
      -2.38E-01         1.25E-01        -8.20E-01        -1.07E-02         7.22E-01        -6.19E-02         3.25E-02

   SG0303 | TH 9    SG0303 | TH10    SG0303 | TH11    SG0303 | TH12    SG0303 | TH13    SG0303 | SG0101  SG0303 | SG0102
      -2.38E-03         8.09E-01         2.22E-01         2.55E-02        -6.86E-01        -3.08E-02        -4.61E-02

   SG0303 | SG0202  SG0303 | SG0203  SG0303 | SG0303  SG0505 | TH 1    SG0505 | TH 2    SG0505 | TH 3    SG0505 | TH 4  
       9.38E-02        -9.74E-01         1.50E-02         1.07E-02         5.29E-03        -2.62E-02         2.54E-02

   SG0505 | TH 5    SG0505 | TH 6    SG0505 | TH 7    SG0505 | TH 8    SG0505 | TH 9    SG0505 | TH10    SG0505 | TH11  
      -3.21E-02        -3.55E-02         1.31E-01         8.51E-01        -1.70E-01        -2.60E-02        -9.25E-03

   SG0505 | TH12    SG0505 | TH13    SG0505 | SG0101  SG0505 | SG0102  SG0505 | SG0202  SG0505 | SG0203  SG0505 | SG0303
       1.78E-02         3.32E-02         1.05E-02        -1.12E-02         6.10E-03         2.92E-02        -3.25E-02

   SG0505 | SG0505  SG0606 | TH 1    SG0606 | TH 2    SG0606 | TH 3    SG0606 | TH 4    SG0606 | TH 5    SG0606 | TH 6  
       1.98E-01         3.46E-03        -9.18E-03         3.58E-03         1.03E-01        -3.30E-03        -8.37E-03

   SG0606 | TH 7    SG0606 | TH 8    SG0606 | TH 9    SG0606 | TH10    SG0606 | TH11    SG0606 | TH12    SG0606 | TH13  
       1.76E-01        -1.23E-01        -3.22E-01        -9.06E-02        -1.06E-03         2.46E-03         8.82E-03

   SG0606 | SG0101  SG0606 | SG0102  SG0606 | SG0202  SG0606 | SG0203  SG0606 | SG0303  SG0606 | SG0505  SG0606 | SG0606
      -8.51E-03        -1.94E-03         1.08E-02        -2.92E-02         2.82E-02        -1.64E-01         3.24E-01

   SG0707 | TH 1    SG0707 | TH 2    SG0707 | TH 3    SG0707 | TH 4    SG0707 | TH 5    SG0707 | TH 6    SG0707 | TH 7  
       2.53E-01         1.80E-01         3.60E-02        -7.44E-02         2.15E-01         2.51E-01        -2.98E-03

   SG0707 | TH 8    SG0707 | TH 9    SG0707 | TH10    SG0707 | TH11    SG0707 | TH12    SG0707 | TH13    SG0707 | SG0101
       5.38E-02        -2.72E-04         5.71E-02        -5.49E-02        -9.24E-02        -2.18E-01        -2.22E-01

   SG0707 | SG0102  SG0707 | SG0202  SG0707 | SG0203  SG0707 | SG0303  SG0707 | SG0505  SG0707 | SG0606  SG0707 | SG0707
       2.00E-01        -7.33E-02         2.45E-02        -1.03E-02        -1.82E-02         2.97E-03         4.30E-03

   SG0808 | TH 1    SG0808 | TH 2    SG0808 | TH 3    SG0808 | TH 4    SG0808 | TH 5    SG0808 | TH 6    SG0808 | TH 7  
       3.41E-01         3.01E-01        -5.85E-01         2.70E-01        -2.28E-01        -9.44E-02         6.02E-02

   SG0808 | TH 8    SG0808 | TH 9    SG0808 | TH10    SG0808 | TH11    SG0808 | TH12    SG0808 | TH13    SG0808 | SG0101
      -1.63E-01         4.98E-02        -2.70E-01        -1.73E-01         2.57E-01         8.76E-02         5.70E-01

   SG0808 | SG0102  SG0808 | SG0202  SG0808 | SG0203  SG0808 | SG0303  SG0808 | SG0505  SG0808 | SG0606  SG0808 | SG0707
      -2.51E-01        -1.76E-01         5.49E-02        -6.77E-02         1.29E-02        -4.76E-03        -5.10E-03

   SG0808 | SG0808  SG1010 | TH 1    SG1010 | TH 2    SG1010 | TH 3    SG1010 | TH 4    SG1010 | TH 5    SG1010 | TH 6  
       9.31E-03        -2.63E-02        -2.41E-02         1.24E-02         2.24E-03         2.23E-03         6.57E-03

   SG1010 | TH 7    SG1010 | TH 8    SG1010 | TH 9    SG1010 | TH10    SG1010 | TH11    SG1010 | TH12    SG1010 | TH13  
      -5.61E-01        -7.42E-03        -1.04E-01         8.61E-04         1.09E-02        -1.89E-03        -6.34E-03

   SG1010 | SG0101  SG1010 | SG0102  SG1010 | SG0202  SG1010 | SG0203  SG1010 | SG0303  SG1010 | SG0505  SG1010 | SG0606
       2.88E-03        -3.32E-03         1.99E-03        -8.20E-04         4.33E-04        -9.05E-03        -1.78E-01

   SG1010 | SG0707  SG1010 | SG0808  SG1010 | SG1010  SG1414 | TH 1    SG1414 | TH 2    SG1414 | TH 3    SG1414 | TH 4  
      -1.26E-02        -3.01E-04         1.03E-02        -7.98E-03        -7.78E-03        -2.21E-02        -9.26E-03

   SG1414 | TH 5    SG1414 | TH 6    SG1414 | TH 7    SG1414 | TH 8    SG1414 | TH 9    SG1414 | TH10    SG1414 | TH11  
      -4.09E-02         1.48E-02        -1.18E-03        -9.38E-03         1.52E-03         1.05E-02         1.75E-01

   SG1414 | TH12    SG1414 | TH13    SG1414 | SG0101  SG1414 | SG0102  SG1414 | SG0202  SG1414 | SG0203  SG1414 | SG0303
      -5.88E-02        -1.01E-01         5.03E-03        -1.23E-02         1.28E-02        -6.62E-03         3.48E-03

   SG1414 | SG0505  SG1414 | SG0606  SG1414 | SG0707  SG1414 | SG0808  SG1414 | SG1010  SG1414 | SG1414  SG1515 | TH 1  
       8.98E-04         6.73E-04        -1.68E-02         7.74E-03         1.64E-04         1.53E-01        -1.19E-02

   SG1515 | TH 2    SG1515 | TH 3    SG1515 | TH 4    SG1515 | TH 5    SG1515 | TH 6    SG1515 | TH 7    SG1515 | TH 8  
      -7.28E-03        -1.18E-02        -2.46E-02        -9.00E-03         2.33E-02        -1.63E-03        -4.48E-03

   SG1515 | TH 9    SG1515 | TH10    SG1515 | TH11    SG1515 | TH12    SG1515 | TH13    SG1515 | SG0101  SG1515 | SG0102
       4.47E-04         2.43E-02         1.55E-01        -3.56E-01        -1.03E-01        -2.83E-03         7.17E-03

   SG1515 | SG0202  SG1515 | SG0203  SG1515 | SG0303  SG1515 | SG0505  SG1515 | SG0606  SG1515 | SG0707  SG1515 | SG0808
      -7.47E-03        -2.66E-02         2.93E-02        -3.96E-04        -3.70E-04         1.23E-02         2.68E-03

   SG1515 | SG1010  SG1515 | SG1414  SG1515 | SG1515  SG1616 | TH 1    SG1616 | TH 2    SG1616 | TH 3    SG1616 | TH 4  
       1.67E-04         2.44E-01         4.45E-01         1.45E-03         1.98E-03        -1.23E-04        -3.48E-03

   SG1616 | TH 5    SG1616 | TH 6    SG1616 | TH 7    SG1616 | TH 8    SG1616 | TH 9    SG1616 | TH10    SG1616 | TH11  
      -1.86E-05         6.41E-03        -1.46E-04         5.63E-04         3.86E-04         3.32E-03         7.82E-01

   SG1616 | TH12    SG1616 | TH13    SG1616 | SG0101  SG1616 | SG0102  SG1616 | SG0202  SG1616 | SG0203  SG1616 | SG0303
       5.24E-02        -6.46E-02        -9.74E-04         7.62E-04        -1.75E-04        -3.56E-04         5.07E-04

   SG1616 | SG0505  SG1616 | SG0606  SG1616 | SG0707  SG1616 | SG0808  SG1616 | SG1010  SG1616 | SG1414  SG1616 | SG1515
      -2.50E-04        -9.59E-06         2.02E-03        -1.35E-03         2.93E-06         1.61E-01         2.72E-01

   SG1616 | SG1616  SG1818 | TH 1    SG1818 | TH 2    SG1818 | TH 3    SG1818 | TH 4    SG1818 | TH 5    SG1818 | TH 6  
       8.66E-05         6.09E-03         5.55E-03         2.38E-02         1.98E-02         2.53E-02        -1.43E-02

   SG1818 | TH 7    SG1818 | TH 8    SG1818 | TH 9    SG1818 | TH10    SG1818 | TH11    SG1818 | TH12    SG1818 | TH13  
       1.31E-03         8.26E-03        -4.06E-05        -1.93E-02         2.73E-02         2.62E-01         3.74E-02

   SG1818 | SG0101  SG1818 | SG0102  SG1818 | SG0202  SG1818 | SG0203  SG1818 | SG0303  SG1818 | SG0505  SG1818 | SG0606
       2.54E-03        -7.39E-03         8.03E-03         2.30E-02        -2.55E-02        -3.11E-04         3.47E-04

   SG1818 | SG0707  SG1818 | SG0808  SG1818 | SG1010  SG1818 | SG1414  SG1818 | SG1515  SG1818 | SG1616  SG1818 | SG1818  
      -1.16E-02        -5.88E-03        -1.18E-04        -2.10E-02        -8.49E-01        -9.58E-02         1.24E-03
1
 ************************************************************************************************************************
 ********************                                                                                ********************
 ********************                        FIRST ORDER CONDITIONAL ESTIMATION                      ********************
 ********************                      INVERSE COVARIANCE MATRIX OF ESTIMATE                     ********************
 ********************                                                                                ********************
 ************************************************************************************************************************
 

     TH 1 | TH 1      TH 2 | TH 1      TH 2 | TH 2      TH 3 | TH 1      TH 3 | TH 2      TH 3 | TH 3      TH 4 | TH 1  
       2.88E+06        -1.04E+05         7.96E+03         1.38E+03        -2.56E+01         1.29E+02        -6.60E+04

     TH 4 | TH 2      TH 4 | TH 3      TH 4 | TH 4      TH 5 | TH 1      TH 5 | TH 2      TH 5 | TH 3      TH 5 | TH 4  
       8.24E+03        -7.34E+01         1.62E+04        -1.09E+03         2.07E+01        -7.10E+00         8.07E+00

     TH 5 | TH 5      TH 6 | TH 1      TH 6 | TH 2      TH 6 | TH 3      TH 6 | TH 4      TH 6 | TH 5      TH 6 | TH 6  
       5.12E+00         1.28E+04        -4.09E+02        -4.15E+01        -2.64E+02        -2.29E+01         2.52E+02

     TH 7 | TH 1      TH 7 | TH 2      TH 7 | TH 3      TH 7 | TH 4      TH 7 | TH 5      TH 7 | TH 6      TH 7 | TH 7  
       3.99E+00        -2.60E-01        -1.84E-02        -1.78E-02         6.82E-04        -4.70E-03         7.65E-04

     TH 8 | TH 1      TH 8 | TH 2      TH 8 | TH 3      TH 8 | TH 4      TH 8 | TH 5      TH 8 | TH 6      TH 8 | TH 7  
       2.92E+00        -1.02E+00        -2.84E-01         1.91E+00         3.73E-04        -1.25E-02         3.63E-04

     TH 8 | TH 8      TH 9 | TH 1      TH 9 | TH 2      TH 9 | TH 3      TH 9 | TH 4      TH 9 | TH 5      TH 9 | TH 6  
       8.32E-03        -5.74E-01        -6.34E-02         9.17E-03        -3.25E-01         4.50E-04         4.22E-03

     TH 9 | TH 7      TH 9 | TH 8      TH 9 | TH 9      TH10 | TH 1      TH10 | TH 2      TH10 | TH 3      TH10 | TH 4  
      -2.89E-04        -3.08E-04         5.54E-04        -1.78E+04         2.15E+03        -2.71E+01         4.11E+03

     TH10 | TH 5      TH10 | TH 6      TH10 | TH 7      TH10 | TH 8      TH10 | TH 9      TH10 | TH10      TH11 | TH 1  
       3.12E+00        -7.14E+01         7.69E-03         4.34E-01        -8.39E-02         1.05E+03         4.34E+06

     TH11 | TH 2      TH11 | TH 3      TH11 | TH 4      TH11 | TH 5      TH11 | TH 6      TH11 | TH 7      TH11 | TH 8  
       1.46E+05        -6.13E+04         3.23E+04        -1.20E+04         9.58E+04        -3.31E-01         1.39E+00

     TH11 | TH 9      TH11 | TH10      TH11 | TH11      TH12 | TH 1      TH12 | TH 2      TH12 | TH 3      TH12 | TH 4  
      -2.99E-03         6.89E+03         1.90E+08        -8.54E+03        -2.02E+01         1.14E+02        -3.22E+02

     TH12 | TH 5      TH12 | TH 6      TH12 | TH 7      TH12 | TH 8      TH12 | TH 9      TH12 | TH10      TH12 | TH11  
       2.60E+01        -2.47E+02         5.94E-05         1.37E-03        -6.37E-05        -8.89E+01        -1.98E+05

     TH12 | TH12      TH13 | TH 1      TH13 | TH 2      TH13 | TH 3      TH13 | TH 4      TH13 | TH 5      TH13 | TH 6  
       4.12E+02         8.66E+04         3.20E+02        -1.26E+03         4.78E+03        -2.93E+02         3.58E+03

     TH13 | TH 7      TH13 | TH 8      TH13 | TH 9      TH13 | TH10      TH13 | TH11      TH13 | TH12      TH13 | TH13  
       2.93E-03        -3.54E-02         1.14E-03         1.33E+03         1.83E+06        -4.59E+03         6.67E+04

   SG0101 | TH 1    SG0101 | TH 2    SG0101 | TH 3    SG0101 | TH 4    SG0101 | TH 5    SG0101 | TH 6    SG0101 | TH 7  
      -9.23E+06        -2.32E+06        -1.92E+06        -1.46E+07         2.15E+05         6.24E+04         7.68E+02

   SG0101 | TH 8    SG0101 | TH 9    SG0101 | TH10    SG0101 | TH11    SG0101 | TH12    SG0101 | TH13    SG0101 | SG0101
      -2.97E+03         1.22E+02        -3.07E+06        -2.95E+07        -1.25E+04         5.85E+05         2.53E+11

   SG0102 | TH 1    SG0102 | TH 2    SG0102 | TH 3    SG0102 | TH 4    SG0102 | TH 5    SG0102 | TH 6    SG0102 | TH 7  
      -1.61E+07        -4.02E+06        -3.33E+06        -2.53E+07         3.73E+05         1.08E+05         1.33E+03

   SG0102 | TH 8    SG0102 | TH 9    SG0102 | TH10    SG0102 | TH11    SG0102 | TH12    SG0102 | TH13    SG0102 | SG0101
      -5.16E+03         2.12E+02        -5.33E+06        -5.12E+07        -2.18E+04         1.02E+06         4.39E+11

   SG0102 | SG0102  SG0202 | TH 1    SG0202 | TH 2    SG0202 | TH 3    SG0202 | TH 4    SG0202 | TH 5    SG0202 | TH 6  
       7.62E+11        -6.98E+06        -1.75E+06        -1.45E+06        -1.10E+07         1.62E+05         4.70E+04

   SG0202 | TH 7    SG0202 | TH 8    SG0202 | TH 9    SG0202 | TH10    SG0202 | TH11    SG0202 | TH12    SG0202 | TH13  
       5.79E+02        -2.24E+03         9.21E+01        -2.31E+06        -2.22E+07        -9.46E+03         4.41E+05

   SG0202 | SG0101  SG0202 | SG0102  SG0202 | SG0202  SG0203 | TH 1    SG0203 | TH 2    SG0203 | TH 3    SG0203 | TH 4  
       1.91E+11         3.31E+11         1.44E+11        -9.90E+06        -2.48E+06        -2.06E+06        -1.56E+07

   SG0203 | TH 5    SG0203 | TH 6    SG0203 | TH 7    SG0203 | TH 8    SG0203 | TH 9    SG0203 | TH10    SG0203 | TH11  
       2.31E+05         6.68E+04         8.24E+02        -3.19E+03         1.31E+02        -3.29E+06        -3.16E+07

   SG0203 | TH12    SG0203 | TH13    SG0203 | SG0101  SG0203 | SG0102  SG0203 | SG0202  SG0203 | SG0203  SG0303 | TH 1  
      -1.34E+04         6.27E+05         2.71E+11         4.70E+11         2.04E+11         2.90E+11        -3.45E+06

   SG0303 | TH 2    SG0303 | TH 3    SG0303 | TH 4    SG0303 | TH 5    SG0303 | TH 6    SG0303 | TH 7    SG0303 | TH 8  
      -8.55E+05        -7.11E+05        -5.39E+06         7.98E+04         2.25E+04         2.84E+02        -1.10E+03

   SG0303 | TH 9    SG0303 | TH10    SG0303 | TH11    SG0303 | TH12    SG0303 | TH13    SG0303 | SG0101  SG0303 | SG0102
       4.52E+01        -1.13E+06        -1.09E+07        -4.58E+03         2.15E+05         9.34E+10         1.62E+11

   SG0303 | SG0202  SG0303 | SG0203  SG0303 | SG0303  SG0505 | TH 1    SG0505 | TH 2    SG0505 | TH 3    SG0505 | TH 4  
       7.05E+10         1.00E+11         3.45E+10        -5.00E+02         1.44E+02         4.09E+01        -2.95E+02

   SG0505 | TH 5    SG0505 | TH 6    SG0505 | TH 7    SG0505 | TH 8    SG0505 | TH 9    SG0505 | TH10    SG0505 | TH11  
       4.78E-02         2.26E+00        -9.68E-02        -1.19E+00         8.90E-02        -6.75E+01        -2.01E+02

   SG0505 | TH12    SG0505 | TH13    SG0505 | SG0101  SG0505 | SG0102  SG0505 | SG0202  SG0505 | SG0203  SG0505 | SG0303
      -2.07E-01         5.21E+00         4.10E+05         7.12E+05         3.09E+05         4.40E+05         1.52E+05

   SG0505 | SG0505  SG0606 | TH 1    SG0606 | TH 2    SG0606 | TH 3    SG0606 | TH 4    SG0606 | TH 5    SG0606 | TH 6  
       2.01E+02         2.38E+00        -3.51E+01        -4.99E-01        -1.47E+02         1.72E-01         1.57E+00

   SG0606 | TH 7    SG0606 | TH 8    SG0606 | TH 9    SG0606 | TH10    SG0606 | TH11    SG0606 | TH12    SG0606 | TH13  
      -2.84E-02        -7.47E-02         4.33E-02        -3.41E+01        -1.70E+02        -1.66E-01         4.27E+00

   SG0606 | SG0101  SG0606 | SG0102  SG0606 | SG0202  SG0606 | SG0203  SG0606 | SG0303  SG0606 | SG0505  SG0606 | SG0606
       3.48E+05         6.05E+05         2.63E+05         3.74E+05         1.29E+05         1.72E+01         1.59E+01

   SG0707 | TH 1    SG0707 | TH 2    SG0707 | TH 3    SG0707 | TH 4    SG0707 | TH 5    SG0707 | TH 6    SG0707 | TH 7  
      -2.89E+05         8.82E+03         1.09E+02         1.07E+04        -2.70E+01        -1.45E+03         5.11E-02

   SG0707 | TH 8    SG0707 | TH 9    SG0707 | TH10    SG0707 | TH11    SG0707 | TH12    SG0707 | TH13    SG0707 | SG0101
       3.93E-01        -5.27E-02         2.87E+03         1.41E+04         1.04E+02        -1.61E+03        -2.80E+06

   SG0707 | SG0102  SG0707 | SG0202  SG0707 | SG0203  SG0707 | SG0303  SG0707 | SG0505  SG0707 | SG0606  SG0707 | SG0707
      -4.87E+06        -2.12E+06        -3.01E+06        -1.03E+06        -5.60E+01        -4.22E+01         1.23E+05

   SG0808 | TH 1    SG0808 | TH 2    SG0808 | TH 3    SG0808 | TH 4    SG0808 | TH 5    SG0808 | TH 6    SG0808 | TH 7  
      -3.13E+04         1.30E+02        -1.31E+03        -1.14E+04         1.64E+02         4.96E+01         6.44E-01

   SG0808 | TH 8    SG0808 | TH 9    SG0808 | TH10    SG0808 | TH11    SG0808 | TH12    SG0808 | TH13    SG0808 | SG0101
      -2.51E+00         9.78E-02        -2.34E+03        -2.37E+04        -2.11E+01         6.14E+02         1.84E+08

   SG0808 | SG0102  SG0808 | SG0202  SG0808 | SG0203  SG0808 | SG0303  SG0808 | SG0505  SG0808 | SG0606  SG0808 | SG0707
       3.20E+08         1.39E+08         1.98E+08         6.83E+07         3.46E+02         2.95E+02        -8.58E+03

   SG0808 | SG0808  SG1010 | TH 1    SG1010 | TH 2    SG1010 | TH 3    SG1010 | TH 4    SG1010 | TH 5    SG1010 | TH 6  
       1.69E+05         1.23E+04        -1.03E+03        -7.48E+01        -1.39E+03         7.44E+00        -5.31E+00

   SG1010 | TH 7    SG1010 | TH 8    SG1010 | TH 9    SG1010 | TH10    SG1010 | TH11    SG1010 | TH12    SG1010 | TH13  
       1.86E+00         3.16E-01        -2.70E-01        -2.92E+02        -2.15E+03        -8.84E-02         2.73E+01

   SG1010 | SG0101  SG1010 | SG0102  SG1010 | SG0202  SG1010 | SG0203  SG1010 | SG0303  SG1010 | SG0505  SG1010 | SG0606
       5.53E+06         9.60E+06         4.17E+06         5.93E+06         2.05E+06        -1.07E+02         3.77E+01

   SG1010 | SG0707  SG1010 | SG0808  SG1010 | SG1010  SG1414 | TH 1    SG1414 | TH 2    SG1414 | TH 3    SG1414 | TH 4  
      -3.68E+02         4.59E+03         1.48E+04         4.71E+02         6.55E+00        -1.20E+01         6.71E+01

   SG1414 | TH 5    SG1414 | TH 6    SG1414 | TH 7    SG1414 | TH 8    SG1414 | TH 9    SG1414 | TH10    SG1414 | TH11  
      -1.76E+00         2.82E+01        -6.34E-05         1.22E-03        -5.02E-05         1.84E+01         1.05E+04

   SG1414 | TH12    SG1414 | TH13    SG1414 | SG0101  SG1414 | SG0102  SG1414 | SG0202  SG1414 | SG0203  SG1414 | SG0303
      -3.94E+01         5.80E+02        -2.22E+04        -3.85E+04        -1.67E+04        -2.38E+04        -8.17E+03

   SG1414 | SG0505  SG1414 | SG0606  SG1414 | SG0707  SG1414 | SG0808  SG1414 | SG1010  SG1414 | SG1414  SG1515 | TH 1  
      -1.80E-01        -1.46E-01         6.34E+01        -2.32E+01        -8.25E-01         5.78E+01        -1.72E+03

   SG1515 | TH 2    SG1515 | TH 3    SG1515 | TH 4    SG1515 | TH 5    SG1515 | TH 6    SG1515 | TH 7    SG1515 | TH 8  
      -1.74E+01         2.43E+01        -6.26E+01         4.97E+00        -3.99E+01         2.61E-04        -1.27E-03

   SG1515 | TH 9    SG1515 | TH10    SG1515 | TH11    SG1515 | TH12    SG1515 | TH13    SG1515 | SG0101  SG1515 | SG0102
       3.52E-05        -1.67E+01        -4.89E+04         8.45E+01        -7.66E+02         3.77E+04         6.55E+04

   SG1515 | SG0202  SG1515 | SG0203  SG1515 | SG0303  SG1515 | SG0505  SG1515 | SG0606  SG1515 | SG0707  SG1515 | SG0808
       2.85E+04         4.05E+04         1.40E+04         1.82E-01         1.51E-01        -1.81E+01         2.91E+01

   SG1515 | SG1010  SG1515 | SG1414  SG1515 | SG1515  SG1616 | TH 1    SG1616 | TH 2    SG1616 | TH 3    SG1616 | TH 4  
       2.00E+00        -2.09E+01         4.45E+01        -7.01E+06        -3.61E+05         9.82E+04         1.12E+05

   SG1616 | TH 5    SG1616 | TH 6    SG1616 | TH 7    SG1616 | TH 8    SG1616 | TH 9    SG1616 | TH10    SG1616 | TH11  
       1.75E+04        -1.15E+05         6.00E-01        -2.79E+00        -3.51E-02         3.59E+04        -3.91E+08

   SG1616 | TH12    SG1616 | TH13    SG1616 | SG0101  SG1616 | SG0102  SG1616 | SG0202  SG1616 | SG0203  SG1616 | SG0303
       2.94E+05        -2.23E+06         3.09E+07         5.37E+07         2.33E+07         3.31E+07         1.14E+07

   SG1616 | SG0505  SG1616 | SG0606  SG1616 | SG0707  SG1616 | SG0808  SG1616 | SG1010  SG1616 | SG1414  SG1616 | SG1515
       4.11E+02         3.50E+02        -5.27E+04         3.18E+04         3.50E+03        -5.86E+03         6.26E+04

   SG1616 | SG1616  SG1818 | TH 1    SG1818 | TH 2    SG1818 | TH 3    SG1818 | TH 4    SG1818 | TH 5    SG1818 | TH 6  
       1.02E+09        -2.38E+05        -8.19E+03         3.27E+03        -5.76E+03         5.82E+02        -3.21E+03

   SG1818 | TH 7    SG1818 | TH 8    SG1818 | TH 9    SG1818 | TH10    SG1818 | TH11    SG1818 | TH12    SG1818 | TH13  
       1.21E-01        -5.36E-01         1.17E-02        -1.33E+03        -1.00E+07         1.10E+04        -6.66E+04

   SG1818 | SG0101  SG1818 | SG0102  SG1818 | SG0202  SG1818 | SG0203  SG1818 | SG0303  SG1818 | SG0505  SG1818 | SG0606
       1.57E+07         2.73E+07         1.19E+07         1.69E+07         5.81E+06         7.66E+01         6.38E+01

   SG1818 | SG0707  SG1818 | SG0808  SG1818 | SG1010  SG1818 | SG1414  SG1818 | SG1515  SG1818 | SG1616  SG1818 | SG1818  
      -5.53E+03         1.20E+04         8.87E+02        -4.70E+03         1.05E+04         1.53E+07         3.53E+06
1
 
 
 
 
 
 
 
 
 
 
 
 
 
 
 
 
 
 
 
 
 ************************************************************************************************************************
 ********************                                                                                ********************
 ********************                        FIRST ORDER CONDITIONAL ESTIMATION                      ********************
 ********************                      EIGENVALUES OF COR MATRIX OF ESTIMATE                     ********************
 ********************                                                                                ********************
 ************************************************************************************************************************
 

             1         2         3         4         5         6         7         8         9        10        11        12
             13        14        15        16        17        18        19        20        21        22        23        24
            25        26        27
 
         7.90E-10  5.25E-04  1.05E-03  8.32E-03  4.09E-02  5.05E-02  6.87E-02  9.98E-02  1.10E-01  1.58E-01  2.06E-01  3.14E-01
          3.49E-01  4.59E-01  5.64E-01  7.00E-01  9.39E-01  1.11E+00  1.33E+00  1.36E+00  1.66E+00  1.70E+00  1.94E+00  2.14E+00
         2.27E+00  3.21E+00  6.20E+00
 
 #CPUT: Total CPU Time in Seconds,      140.844
Stop Time: 
17/07/2019 
17:08
